C51 COMPILER V9.60.0.0   QUEUE                                                             08/07/2025 09:12:48 PAGE 1   


C51 COMPILER V9.60.0.0, COMPILATION OF MODULE QUEUE
OBJECT MODULE PLACED IN .\Output\queue.obj
COMPILER INVOKED BY: D:\Software\Keil_V5\C51\C51\BIN\C51.EXE ..\user\queue.c LARGE OPTIMIZE(7,SPEED) BROWSE INCDIR(..\Li
                    -brary\Device\Include;..\Library\StdDriver\inc;..\user;..\driver;..\bsp;..\Include;..\common) DEBUG OBJECTEXTEND PRINT(.\
                    -LST\queue.lst) TABS(2) OBJECT(.\Output\queue.obj)

line level    source

   1          #include "common.h"
   2          #include "queue.h"
   3          
   4          void Create_Queue(T_QUEUE *Q,u8 *pbuff,u32 maxsize)
   5          {
   6   1        Q->pBase=pbuff; 
   7   1        Q->front=0;         //놓迦뺏꽝鑒
   8   1        Q->rear=0;
   9   1        Q->maxsize=maxsize;
  10   1      }
  11          //void Create_Queue_1(T_QUEUE_1 *Q,u8 *pbuff,u32 maxsize)
  12          //{
  13          //  Q->pBase_1=pbuff; 
  14          //  Q->front_1=0;         //놓迦뺏꽝鑒
  15          //  Q->rear_1=0;
  16          //  Q->maxsize_1=maxsize;
  17          //}
  18          
  19          u8 UART1_Is_Full_Queue(T_QUEUE *Q)
  20          {
  21   1        if(Q->front==(Q->rear+1)%Q->maxsize)    //털뙤琦뻔졍깊角뤠찮，즛寧몸渡즛왕쇌꼇痰
  22   1          return 1;
  23   1        else
  24   1          return 0;
  25   1      }
  26          
  27          u8 UART0_Is_Full_Queue(T_QUEUE *Q)
  28          {
  29   1        if(Q->front==(Q->rear+1)%Q->maxsize)    //털뙤琦뻔졍깊角뤠찮，즛寧몸渡즛왕쇌꼇痰
  30   1          return 1;
  31   1        else
  32   1          return 0;
  33   1      }
  34          
  35          static u8 Is_Empty_Queue(T_QUEUE *Q)
  36          {
  37   1        if(Q->front==Q->rear)    //털뙤角뤠槨왕
  38   1          return 1;
  39   1        else
  40   1          return 0;
  41   1      }
  42          
  43          
  44          u8 UART1_Enter_queue(T_QUEUE *Q, u8 val)   //속흙뚠죗
  45          {
  46   1        if(UART1_Is_Full_Queue(Q))
  47   1          return 0;
  48   1        else
  49   1        {
  50   2          Q->pBase[Q->rear]=val;
  51   2          Q->rear=(Q->rear+1)%Q->maxsize;
  52   2          return 1;
  53   2        }
C51 COMPILER V9.60.0.0   QUEUE                                                             08/07/2025 09:12:48 PAGE 2   

  54   1      }
  55          
  56          u8 UART0_Enter_queue(T_QUEUE *Q, u8 val)   //속흙뚠죗
  57          {
  58   1        if(UART0_Is_Full_Queue(Q))
  59   1          return 0;
  60   1        else
  61   1        {
  62   2          Q->pBase[Q->rear]=val;
  63   2          Q->rear=(Q->rear+1)%Q->maxsize;
  64   2          return 1;
  65   2        }
  66   1      }
  67          
  68          u8 Denter_queue(T_QUEUE *Q, u8 *val)   //놔뚠죗
  69          {
  70   1        if(Is_Empty_Queue(Q))
  71   1        {
  72   2          return 0;
  73   2        }
  74   1        else
  75   1        {
  76   2          *val=Q->pBase[Q->front];
  77   2          Q->front=(Q->front+1)%Q->maxsize;
  78   2          return 1;
  79   2        }
  80   1      }
  81          


MODULE INFORMATION:   STATIC OVERLAYABLE
   CODE SIZE        =    687    ----
   CONSTANT SIZE    =   ----    ----
   XDATA SIZE       =   ----      30
   PDATA SIZE       =   ----    ----
   DATA SIZE        =   ----    ----
   IDATA SIZE       =   ----    ----
   BIT SIZE         =   ----    ----
END OF MODULE INFORMATION.


C51 COMPILATION COMPLETE.  0 WARNING(S),  0 ERROR(S)
