C51 COMPILER V9.60.0.0   TREADMILLS                                                        08/07/2025 09:12:49 PAGE 1   


C51 COMPILER V9.60.0.0, COMPILATION OF MODULE TREADMILLS
OBJECT MODULE PLACED IN .\Output\treadmills.obj
COMPILER INVOKED BY: D:\Software\Keil_V5\C51\C51\BIN\C51.EXE ..\user\treadmills.c LARGE OPTIMIZE(7,SPEED) BROWSE INCDIR(
                    -..\Library\Device\Include;..\Library\StdDriver\inc;..\user;..\driver;..\bsp;..\Include;..\common) DEBUG OBJECTEXTEND PRI
                    -NT(.\LST\treadmills.lst) TABS(2) OBJECT(.\Output\treadmills.obj)

line level    source

   1          #include "common.h"
   2          #include "treadmills.h"
   3          #include "keypad.h"
   4          #include "led_disp.h"
   5          #include "keypad_fun.h"
   6          #include "uart_frame.h"
   7          #include "indecate.h"
   8          #include "7_segment.h"
   9          #include "beep.h"
  10          #include "uart.h"
  11          #include "param.h"
  12          #include "cfg.h"
  13          #include "programe.h"
  14          
  15          
  16          extern u8 tl_flag;
  17          u8 error_times=0;
  18          treadmills_t treadmills;
  19          //bit STATUS_PAUSE_FLAG = 0;
  20          //u8 time_delay=0;
  21          
  22          
  23          //ĹÜ˛˝ťúłőĘźťŻ
  24          void treadmills_init(void)
  25          {
  26   1        treadmills.ack=0;
  27   1        treadmills.param.second=0;
  28   1        treadmills.param.speed=0;
  29   1        treadmills.param.distance=0;
  30   1        treadmills.param.calorie=0;
  31   1        treadmills.param.runstep=0;
  32   1        treadmills.error_cnt=0;
  33   1        treadmills.error_code=0;
  34   1      //  STATUS_PAUSE_FLAG = 0;
  35   1        Bluetooth = 0;   //ÉĎľçżŞĆôŔśŃŔ
  36   1        treadmills.param.beep_status = BEEP_SWITCH_ON;  //0ąíĘžˇäĂůĆ÷żŞŁŹ1ąíĘžšŘ
  37   1      }
  38          
  39          
  40          static const u8 boot_disp_tab[]={ NUM_0, NUM_0, NUM_0 };
  41          
  42          //ľšźĆĘą3ŁŹ2ŁŹ1
  43          static const u8 run_disp_tab[]={ NUM_3, NUM_2, NUM_1};//NUM_5, NUM_4, 
  44          
  45          u8 booktime_en=0;
  46          u8 booktime_cnt=0;
  47          
  48          //Ęąťů 10ms
  49          void boot_time(void)  //ËŮśČľšźĆĘą
  50          {
  51   1        if(booktime_en==0){booktime_cnt=0;return;}
  52   1        booktime_cnt++;
  53   1        if(booktime_cnt>STOP_DISPLAY_INTERVAL)//20
C51 COMPILER V9.60.0.0   TREADMILLS                                                        08/07/2025 09:12:49 PAGE 2   

  54   1        {
  55   2          booktime_cnt=0;
  56   2          if(treadmills.param.speed>=10)
  57   2          {
  58   3            treadmills.param.speed-=10;
  59   3          }
  60   2          else
  61   2          {
  62   3            treadmills.param.speed=0;
  63   3          }
  64   2          treadmills.display.index=PARAM_SET_SPEED_ADC;//ËŮśČľľ
  65   2          treadmills_display(treadmills.display.index);
  66   2      
  67   2          if(treadmills.param.speed==0)
  68   2          {
  69   3            treadmills.status=STATUS_STOP_OVER;
  70   3            booktime_cnt=0;
  71   3            booktime_en=0;
  72   3          }
  73   2        }
  74   1      }
  75          
  76          
  77          //˛ÎĘýźĆËăÉčÖĂ  1000ms
  78          void treadmills_param_calc(void)
  79          {
  80   1        static float distance=0;
  81   1        if(treadmills.status !=STATUS_RUNNING){distance=0;return;}
  82   1       
  83   1        //ÉčÖĂĘąźä
  84   1        if(param.index==PARAM_SET_TIME)//ŃĄÔńÁËÄŁĘ˝ŁŹĐčŇŞľšźĆ
  85   1        {
  86   2          if(treadmills.param.second){treadmills.param.second--;}
  87   2          else
  88   2          {
  89   3            treadmills.status=STATUS_STOP;
  90   3            key_mask =0x00;
  91   3            beep_set(STOP_BEEP_CNT,STOP_BEEP_ON_TICKS,STOP_BEEP_OFF_TICKS);
  92   3          }
  93   2        }
  94   1        else
  95   1        {
  96   2          treadmills.param.second++;
  97   2          //ÔöźÓś¨ĘąšŚÄÜ---ąŘĐëşÍźüĹĚÍłŇť
  98   2          if(treadmills.param.second>=Overflow_time)    //ÔËĐĐ100ˇÖÖÓÍŁÖš,6000
  99   2          {
 100   3            treadmills.status=STATUS_STOP;     
 101   3            key_mask =0x00;
 102   3            beep_set(STOP_BEEP_CNT,STOP_BEEP_ON_TICKS,STOP_BEEP_OFF_TICKS);
 103   3          }
 104   2        }
 105   1      
 106   1        //ÉčÖĂžŕŔë  
 107   1        if(param.index==PARAM_SET_DISTANCE)//ŃĄÔńÁËÄŁĘ˝ŁŹĐčŇŞľšźĆ
 108   1        {
 109   2          distance+=((float)(treadmills.param.speed))/360.0;//Ă×/Ăë  ľĽÎťŁşĂ×
 110   2          treadmills.param.distance-=((float)(treadmills.param.speed))/360.0;//Ă×/Ăë  ľĽÎťŁşĂ×
 111   2      
 112   2          if(treadmills.param.distance<10)
 113   2          {
 114   3            treadmills.status=STATUS_STOP;       
 115   3            key_mask =0x00;
C51 COMPILER V9.60.0.0   TREADMILLS                                                        08/07/2025 09:12:49 PAGE 3   

 116   3            beep_set(STOP_BEEP_CNT,STOP_BEEP_ON_TICKS,STOP_BEEP_OFF_TICKS);
 117   3          }
 118   2        }
 119   1        else
 120   1        {
 121   2          /**
 122   2          * distance=V*t
 123   2          *         =(((float)treadmills.param.speed/100.0)*1000.0)/(3600.0)
 124   2          */
 125   2          treadmills.param.distance+=((float)(treadmills.param.speed))/360.0;//Ă×/Ăë  ľĽÎťŁşĂ×
 126   2          distance=treadmills.param.distance;
 127   2        }
 128   1        
 129   1          //ÉčÖĂż¨ÂˇŔď
 130   1          if(param.index==PARAM_SET_CALORIE)//ŃĄÔńÁËÄŁĘ˝ŁŹĐčŇŞľšźĆ
 131   1          {
 132   2            if(treadmills.param.calorie>=(((float)(treadmills.param.speed))/360.0)*70)//70Ç§ż¨/Ç§Ă× =0.070K/M  ľ
             -ĽÎť:ż¨
 133   2            {
 134   3              treadmills.param.calorie-=(((float)(treadmills.param.speed))/360.0)*70;
 135   3            }
 136   2            else
 137   2            {
 138   3              treadmills.param.calorie=0;
 139   3              treadmills.status=STATUS_STOP;
 140   3              key_mask =0x00;
 141   3              beep_set(STOP_BEEP_CNT,STOP_BEEP_ON_TICKS,STOP_BEEP_OFF_TICKS);
 142   3            }
 143   2          }
 144   1          else
 145   1          {
 146   2            treadmills.param.calorie=distance*70;//70Ç§ż¨/Ç§Ă× =0.070K/M  ľĽÎť:ż¨
 147   2          }
 148   1       
 149   1        treadmills_display(treadmills.display.index);
 150   1      }
 151          
 152          u8 status_code;
 153          //Ęąťů 100ms
 154          void treadmills_proc_loop(void) //´ŚŔí
 155          {
 156   1        static u8 cnt=0,timeout=0;
 157   1        static u8 val=0;
 158   1        
 159   1        switch(treadmills.status)
 160   1        {
 161   2        case STATUS_POWERON:
 162   2          cnt++;
 163   2          if(cnt>1)//10
 164   2          {
 165   3            cnt=0;
 166   3      
 167   3            indecate.led_speed=LED_OFF;
 168   3            indecate.led_distance=LED_OFF;
 169   3            indecate.led_calorie=LED_OFF;
 170   3            indecate.led_step=LED_OFF;
 171   3            indecate.led_time=LED_OFF;
 172   3            indecate.led_updp=LED_OFF;
 173   3            
 174   3            set_bit_seg(0,SEG_ALL_OFF);//ÉĎľçČŤÁÁşóĎÔĘžOFF
 175   3            set_bit_seg(1,SEG_O);
 176   3            set_bit_seg(2,SEG_F);
C51 COMPILER V9.60.0.0   TREADMILLS                                                        08/07/2025 09:12:49 PAGE 4   

 177   3            set_bit_seg(3,SEG_F);
 178   3            set_seg_mode(SEG_MODE_NORMAL);
 179   3            
 180   3            uart_tx_frame.cmd=CMD_READ_PARAM;
 181   3            uart_tx_frame.len=1;
 182   3            uart_tx_frame.buf[0]=0x00;
 183   3            UART_Send_Buf(UART1,(UINT8*)&uart_tx_frame,sizeof(uart_tx_frame));
 184   3      
 185   3            key_mask=0xff;
 186   3            treadmills.status=STATUS_WAIT;
 187   3          }
 188   2      
 189   2          break;
 190   2        case STATUS_WAIT:  
 191   2          break;
 192   2        case STATUS_SET_PARAM:
 193   2          break;
 194   2        case STATUS_RUN:
 195   2          if(cnt==0)
 196   2          {
 197   3            beep_set(1,DEFAULT_ON_TICKS,DEFAULT_OFF_TICKS);
 198   3            set_bit_seg(0,SEG_ALL_OFF);//ÇżÖĆšŘąŐĎÔĘž
 199   3            set_bit_seg(1,SEG_ALL_OFF);//ÇżÖĆšŘąŐĎÔĘž   
 200   3            set_bit_seg(3,run_disp_tab[val]);
 201   3            set_bit_seg(2,SEG_ALL_OFF);//ÇżÖĆšŘąŐĎÔĘž  
 202   3            set_seg_mode(SEG_MODE_NORMAL);
 203   3            cnt=1;
 204   3            val=1;
 205   3          }
 206   2          else
 207   2          {
 208   3            cnt++;
 209   3            if(cnt>10)
 210   3            {
 211   4              cnt=1;
 212   4              beep_set(1,DEFAULT_ON_TICKS,DEFAULT_OFF_TICKS);
 213   4              if(val<=2)  //ĆôśŻľšźĆĘą´ÎĘý
 214   4              {
 215   5                set_bit_seg(0,SEG_ALL_OFF);//ÇżÖĆšŘąŐĎÔĘž
 216   5                set_bit_seg(1,SEG_ALL_OFF);//ÇżÖĆšŘąŐĎÔĘž 
 217   5                set_bit_seg(3,run_disp_tab[val]);
 218   5                set_bit_seg(2,SEG_ALL_OFF);//ÇżÖĆšŘąŐĎÔĘž                  
 219   5                
 220   5                val++;
 221   5              }
 222   4              else
 223   4              {
 224   5                val=0;
 225   5                treadmills.param.speed=TREADMILLS_SPEED_MIN;
 226   5                
 227   5                uart1_frame_tx_2(CMD_STATUS,STATUS_MOTOR_RUN,treadmills.param.speed/10);
 228   5                uart1_frame_tx_2(CMD_STATUS,STATUS_MOTOR_RUN,treadmills.param.speed/10);
 229   5              
 230   5                treadmills.status = STATUS_RUNNING;
 231   5                treadmills.display.index=PARAM_SET_SPEED_ADC;//ËŮśČľľ
 232   5                treadmills.display.mode=DISP_MODE_AUTO; 
 233   5                treadmills_display(treadmills.display.index);
 234   5              }
 235   4            }
 236   3          }
 237   2          indecate.led_updp=LED_OFF;
 238   2          indecate.led_downdp=LED_OFF;  
C51 COMPILER V9.60.0.0   TREADMILLS                                                        08/07/2025 09:12:49 PAGE 5   

 239   2          break;
 240   2        case STATUS_RUNNING:
 241   2          break;
 242   2        case STATUS_STOP:     
 243   2          treadmills.display.mode=IDEL;
 244   2        
 245   2          uart1_frame_tx(CMD_STATUS,STATUS_MOTOR_STOP);
 246   2          uart1_frame_tx(CMD_STATUS,STATUS_MOTOR_STOP);
 247   2          set_seg_mode(SEG_MODE_NORMAL);
 248   2          param.index=0;     //łőĘźťŻ˛ÎĘýË÷Ňý
 249   2          booktime_cnt=0;
 250   2          booktime_en=1;     //ËŮśČľšźĆĘąĘšÄÜ
 251   2          cnt=0;
 252   2          timeout=0;
 253   2          treadmills.status=STATUS_STOP_WAIT;
 254   2          break;
 255   2        case STATUS_STOP_WAIT:
 256   2          timeout++;
 257   2          if(timeout>STOP_WAIT_TIMEOUT)//łŹĘąÍËłö 5*5=25   //100
 258   2          {
 259   3            timeout=0;
 260   3            treadmills.status=STATUS_STOP_OVER;    
 261   3          }
 262   2          break;
 263   2        case STATUS_STOP_OVER:
 264   2          treadmills.display.mode=IDEL;
 265   2          if((treadmills.param.second>=Overflow_time)||(PAUSE_FLAG == 0))    //ÔËĐĐ100ˇÖÖÓÍŁÖš
 266   2          {
 267   3            treadmills.param.speed=0;
 268   3            treadmills.param.second=0;
 269   3            treadmills.param.distance=0;
 270   3            treadmills.param.calorie=0;
 271   3      
 272   3            treadmills.status=STATUS_POWERON;//STATUS_WAIT; 
 273   3            set_seg_mode(SEG_MODE_NORMAL);
 274   3          }
 275   2          else if(PAUSE_FLAG == 1)//°´ÔÝÍŁźüŁŹÔň˝řČëÔÝÍŁÄŁĘ˝
 276   2          {
 277   3            treadmills.param.speed=0;
 278   3      //      treadmills.display.index=1;//Ęąźäľľ
 279   3      //      treadmills_display(treadmills.display.index);
 280   3      //      set_seg_mode(SEG_MODE_FLASH_SELF);
 281   3            treadmills.status=STATUS_PAUSE;
 282   3          }
 283   2      
 284   2          booktime_en=0;
 285   2          param.index=0;
 286   2          cnt=0;
 287   2          val=0;
 288   2          beep_force_stop();
 289   2          break;
 290   2          
 291   2        case STATUS_PAUSE:
 292   2          treadmills.status=STATUS_POWERON;//STATUS_WAIT;
 293   2          booktime_en=0;
 294   2          cnt=0;
 295   2          val=0;
 296   2          beep_force_stop();  
 297   2          break;
 298   2        case STATUS_SLEEP_MODE:
 299   2          treadmills.display.mode=IDEL;
 300   2          treadmills.param.second=0;
C51 COMPILER V9.60.0.0   TREADMILLS                                                        08/07/2025 09:12:49 PAGE 6   

 301   2          treadmills.param.distance=0;
 302   2          treadmills.param.calorie=0;
 303   2          treadmills.param.runstep=0;
 304   2        
 305   2          indecate.led_speed=LED_OFF;
 306   2          indecate.led_distance=LED_OFF;
 307   2          indecate.led_calorie=LED_OFF;
 308   2          indecate.led_time=LED_OFF;
 309   2          indecate.led_updp=LED_OFF;   
 310   2      
 311   2          set_bit_seg(0,SEG_ALL_OFF);
 312   2          set_bit_seg(1,SEG_ALL_OFF);       
 313   2          set_bit_seg(2,SEG_ALL_OFF);
 314   2          set_bit_seg(3,SEG_ALL_OFF);
 315   2          key_mask =0xff;  
 316   2          break;  
 317   2        case STATUS_FULL_DISPLAY:         
 318   2          indecate.led_speed=LED_ON;
 319   2          indecate.led_distance=LED_ON;
 320   2          indecate.led_calorie=LED_ON;
 321   2          indecate.led_time=LED_ON;
 322   2          indecate.led_updp=LED_ON;
 323   2          indecate.led_downdp=LED_ON;
 324   2          set_dp0();
 325   2          set_dp1();
 326   2          set_dp2();
 327   2          set_dp3();
 328   2          set_seg_val(8888);  
 329   2          break;
 330   2        case STATUS_ERROR:
 331   2          key_mask=0x00;//šŘąŐËůÓĐľÄ°´źüšŚÄÜ
 332   2          set_bit_seg(0,SEG_ALL_OFF);
 333   2          set_bit_seg(1,SEG_E);
 334   2          set_bit_seg(2,seg_num[0]);
 335   2          set_bit_seg(3,seg_num[treadmills.error_code]);
 336   2          
 337   2          indecate.led_speed=LED_OFF;
 338   2          indecate.led_distance=LED_OFF;
 339   2          indecate.led_calorie=LED_OFF;
 340   2          indecate.led_step=LED_OFF;
 341   2          indecate.led_time=LED_OFF;
 342   2          indecate.led_updp=LED_OFF;
 343   2          indecate.led_downdp=LED_OFF;
 344   2          clr_dp1();
 345   2      
 346   2          treadmills.status=IDEL;
 347   2          treadmills.display.mode=IDEL;
 348   2      
 349   2        if(error_times==0)
 350   2        {
 351   3          uart1_frame_tx(CMD_STATUS,STATUS_MOTOR_STOP);
 352   3          uart1_frame_tx(CMD_STATUS,STATUS_MOTOR_STOP);
 353   3        }
 354   2        error_times++;
 355   2        if(error_times>60)
 356   2        {
 357   3          treadmills.status=IDEL;
 358   3          error_times=60;
 359   3        }
 360   2          
 361   2        if(tl_flag==0)
 362   2          {
C51 COMPILER V9.60.0.0   TREADMILLS                                                        08/07/2025 09:12:49 PAGE 7   

 363   3            tl_flag=1;
 364   3            beep_set(1, ERROR_ON_TICKS, ERROR_OFF_TICKS);//ą¨´íˇäĂůĆ÷Ďě¸ÄŐâŔďŁŹŐâŔďÔöźÓˇäĂůĆ÷ˇäĂůĆ÷ĘÇŇťÉůłÖĐřł¤Ďě
 365   3          }
 366   2          
 367   2          break;
 368   2        default:
 369   2          cnt=0;
 370   2          val=0;
 371   2          break;
 372   2        }
 373   1      }
 374          
 375          
 376          void treadmills_display(index)   //ĎÔĘžÄŁĘ˝
 377          {
 378   1        unsigned char H[]={0,1,2,3,4};
 379   1        unsigned char L[]={0,10,20,30,40,50,60,70,80,90};
 380   1        u8 n=0;
 381   1        u8 high,low;
 382   1        float DIS_VAL;
 383   1        float TIME_VAL;
 384   1        if(index==0)//ĎÔĘžËŮśČ km/hour
 385   1        {
 386   2          indecate.led_speed=LED_ON;
 387   2          indecate.led_distance=LED_OFF;
 388   2          indecate.led_calorie=LED_OFF;
 389   2          indecate.led_step=LED_OFF;
 390   2          indecate.led_time=LED_OFF;
 391   2          indecate.led_updp=LED_OFF;
 392   2          indecate.led_downdp=LED_OFF;
 393   2          
 394   2          //ĎÔĘžšŤŔďÖĆËŮśČ    
 395   2          high=treadmills.param.speed/100;
 396   2          low=treadmills.param.speed%100;   
 397   2          set_seg_two_sc(high,low);
 398   2      //    set_bit_seg(0,SEG_ALL_OFF);//ÇżÖĆšŘąŐĎÔĘž
 399   2      //    set_bit_seg(1,SEG_ALL_OFF);//ÇżÖĆšŘąŐĎÔĘž
 400   2          if(treadmills.param.speed<1000)
 401   2          {
 402   3            set_bit_seg(0,SEG_ALL_OFF);//ÇżÖĆšŘąŐĎÔĘž
 403   3            set_bit_seg(1,SEG_ALL_OFF);//ÇżÖĆšŘąŐĎÔĘž
 404   3          }
 405   2          else
 406   2          {
 407   3            set_bit_seg(0,SEG_ALL_OFF);//ÇżÖĆšŘąŐĎÔĘž
 408   3          }
 409   2          set_dp2();       //ĐĄĘýľă
 410   2        }
 411   1        else if(index==1)//ÂˇłĚ km
 412   1        {
 413   2          indecate.led_speed=LED_OFF;
 414   2          indecate.led_distance=LED_ON;
 415   2          indecate.led_calorie=LED_OFF;
 416   2          indecate.led_step=LED_OFF;
 417   2          indecate.led_time=LED_OFF;
 418   2          indecate.led_updp=LED_OFF;
 419   2          indecate.led_downdp=LED_ON;
 420   2                
 421   2          //ĘľźĘĘýžÝ
 422   2          DIS_VAL=(treadmills.param.distance);  
 423   2          
 424   2          if(DIS_VAL>=99990)
C51 COMPILER V9.60.0.0   TREADMILLS                                                        08/07/2025 09:12:49 PAGE 8   

 425   2          {
 426   3            DIS_VAL=0;
 427   3          }
 428   2          high=((u32)DIS_VAL/1000);
 429   2          low=((u32)DIS_VAL/10)%100;
 430   2      
 431   2          if(DIS_VAL<=9999)
 432   2          {
 433   3            set_seg_two(high,low);
 434   3            set_bit_seg(0,SEG_ALL_OFF);//ÇżÖĆšŘąŐĎÔĘž
 435   3            set_dp1();       //ĐĄĘýľă
 436   3          }
 437   2          else
 438   2          {
 439   3            set_seg_two(high,low);
 440   3            set_dp1();       //ĐĄĘýľă
 441   3          }
 442   2        }
 443   1        else if(index==2)//ż¨ÂĺŔď kcal
 444   1        {
 445   2          indecate.led_speed=LED_OFF;
 446   2          indecate.led_distance=LED_OFF;
 447   2          indecate.led_calorie=LED_ON;
 448   2          indecate.led_step=LED_OFF;
 449   2          indecate.led_time=LED_OFF;
 450   2          indecate.led_updp=LED_OFF;
 451   2          indecate.led_downdp=LED_OFF;
 452   2      
 453   2          //treadmills.param.calorie//ľĽÎťŁşż¨
 454   2           if(treadmills.param.calorie>=999000)
 455   2          {
 456   3            treadmills.param.calorie=0;
 457   3          }
 458   2          
 459   2          if(treadmills.param.calorie<=99999)//=99.99Ç§ż¨
 460   2          {
 461   3            high=(treadmills.param.calorie/1000);
 462   3            low=(treadmills.param.calorie%1000)/10;
 463   3            set_seg_two_sc(high,low);
 464   3          }
 465   2          else if((treadmills.param.calorie>=100000)&&(treadmills.param.calorie<=999000))
 466   2          {
 467   3            high=(treadmills.param.calorie/1000)/10;
 468   3            low=((treadmills.param.calorie/100)%100);
 469   3            set_seg_two(high,low);
 470   3          }
 471   2              
 472   2          set_dp2();
 473   2          
 474   2          if(treadmills.param.calorie<=99999)//=99.99Ç§ż¨
 475   2          {
 476   3            if(treadmills.param.calorie<=9999)
 477   3            {
 478   4              set_bit_seg(0,SEG_ALL_OFF);//ÇżÖĆšŘąŐĎÔĘž 
 479   4              set_bit_seg(1,SEG_ALL_OFF);//ÇżÖĆšŘąŐĎÔĘž 
 480   4            }
 481   3            set_bit_seg(0,SEG_ALL_OFF);//ÇżÖĆšŘąŐĎÔĘž    
 482   3          }
 483   2        }
 484   1        else if(index==3)//Ęąźä:mm:ss
 485   1        {
 486   2          indecate.led_speed=LED_OFF;
C51 COMPILER V9.60.0.0   TREADMILLS                                                        08/07/2025 09:12:49 PAGE 9   

 487   2          indecate.led_distance=LED_OFF;
 488   2          indecate.led_calorie=LED_OFF;
 489   2          indecate.led_step=LED_OFF;
 490   2          indecate.led_time=LED_ON;
 491   2          indecate.led_updp=LED_ON;
 492   2          indecate.led_downdp=LED_ON;
 493   2      
 494   2          TIME_VAL=treadmills.param.second;
 495   2          high=((u32)TIME_VAL/60)%100;
 496   2          low=(u32)TIME_VAL%60;
 497   2      
 498   2          if(TIME_VAL<600)
 499   2          {
 500   3            set_seg_two(high,low);
 501   3            set_bit_seg(0,SEG_ALL_OFF);//ÇżÖĆšŘąŐĎÔĘž
 502   3          }
 503   2          else
 504   2          {
 505   3            set_seg_two(high,low);
 506   3          }
 507   2      
 508   2        }
 509   1      }
 510          
 511          
 512          //Ęąťů 100ms
 513          void treadmills_disp_loop(void)
 514          {
 515   1        static u8 cnt=0;
 516   1        switch(treadmills.display.mode)
 517   1        {
 518   2          case DISP_MODE_AUTO:
 519   2            cnt=0;
 520   2      
 521   2            treadmills.display.index=0;  //0--speed 1--distance 2--calorie 3--time 4--programe
 522   2            treadmills_display(treadmills.display.index);
 523   2            treadmills.display.mode=DISP_MODE_TO_AUTO;          
 524   2            break;
 525   2          case DISP_MODE_TO_AUTO:
 526   2            cnt++;        
 527   2            if(cnt>50)//50*100ms=5s
 528   2            {
 529   3              cnt=0;
 530   3      
 531   3                if(treadmills.status==STATUS_POWERON||treadmills.status==STATUS_WAIT
 532   3                  ||treadmills.status==STATUS_RUNNING||treadmills.status==STATUS_STOP
 533   3                  ||treadmills.status==STATUS_STOP_WAIT){
 534   4                  treadmills.display.index++;
 535   4                  if(treadmills.display.index>=4){treadmills.display.index=0;}
 536   4                  treadmills_display(treadmills.display.index);
 537   4                }
 538   3            }
 539   2            break;
 540   2          case DISP_MODE_SINGLE:
 541   2            treadmills.display.index=0;
 542   2            treadmills_display(treadmills.display.index);
 543   2            treadmills.display.mode=DISP_MODE_TO_AUTO;  
 544   2            break;
 545   2          default:
 546   2            break;
 547   2        }
 548   1      }
C51 COMPILER V9.60.0.0   TREADMILLS                                                        08/07/2025 09:12:49 PAGE 10  

 549          
 550          
 551          void communication_checkout(void)
 552          {
 553   1        static u8 timeout=0;
 554   1        static u8 sm=0;
 555   1        static u8 error_cnt=0;
 556   1        switch(sm)
 557   1        {
 558   2          case 0:
 559   2            treadmills.ack=0;
 560   2            uart1_frame_tx(CMD_ACK,treadmills.ack);
 561   2            timeout=0;
 562   2            sm=1;
 563   2            break;
 564   2          case 1:
 565   2            timeout++;
 566   2            if(treadmills.ack==0)
 567   2            {
 568   3              uart1_frame_tx(CMD_ACK,treadmills.ack);
 569   3              if(timeout>1)
 570   3              {
 571   4                timeout=0;
 572   4                error_cnt++;
 573   4                if(error_cnt>10)
 574   4                {
 575   5                  treadmills.error_code=ERROR_06;
 576   5                  treadmills.status=STATUS_ERROR;
 577   5                  sm=2;
 578   5                  beep_set(1,ERROR_ON_TICKS,ERROR_OFF_TICKS);
 579   5                }
 580   4                else{sm=0;}
 581   4              }
 582   3            }
 583   2            else
 584   2            {
 585   3              error_cnt=0;
 586   3              sm=0;
 587   3            }
 588   2            break;
 589   2          case 2:
 590   2            break;
 591   2          default:
 592   2            break;
 593   2        }
 594   1      }
 595          


MODULE INFORMATION:   STATIC OVERLAYABLE
   CODE SIZE        =   3180    ----
   CONSTANT SIZE    =     15    ----
   XDATA SIZE       =     76      28
   PDATA SIZE       =   ----    ----
   DATA SIZE        =   ----    ----
   IDATA SIZE       =   ----    ----
   BIT SIZE         =   ----    ----
END OF MODULE INFORMATION.


C51 COMPILATION COMPLETE.  0 WARNING(S),  0 ERROR(S)
