C51 COMPILER V9.60.0.0   UART_FRAME                                                        08/07/2025 09:12:49 PAGE 1   


C51 COMPILER V9.60.0.0, COMPILATION OF MODULE UART_FRAME
OBJECT MODULE PLACED IN .\Output\uart_frame.obj
COMPILER INVOKED BY: D:\Software\Keil_V5\C51\C51\BIN\C51.EXE ..\user\uart_frame.c LARGE OPTIMIZE(7,SPEED) BROWSE INCDIR(
                    -..\Library\Device\Include;..\Library\StdDriver\inc;..\user;..\driver;..\bsp;..\Include;..\common) DEBUG OBJECTEXTEND PRI
                    -NT(.\LST\uart_frame.lst) TABS(2) OBJECT(.\Output\uart_frame.obj)

line level    source

   1          /*
   2           * uart_frame.c
   3           *
   4           *  Created on: 2019Дк12ФВ11ИХ
   5           *      Author: Administrator
   6           */
   7          #include "common.h"
   8          #include "uart_frame.h"
   9          #include "queue.h"
  10          #include "treadmills.h"
  11          #include "param.h"
  12          #include "led_disp.h"
  13          #include "indecate.h"
  14          #include "beep.h"
  15          #include "uart.h"
  16          #include "cfg.h"
  17          #include "keypad.h"
  18          #include "keypad_fun.h"
  19          
  20          void UART1_cmd_proc(void);  //ПВїШНЁС¶ЅУКХЦёБоґ¦Ан
  21          void UART0_cmd_proc(void);  //А¶САДЈЧйЅУКХЦёБоґ¦Ан
  22          
  23          T_QUEUE UART1_rx_queue;
  24          T_QUEUE UART0_rx_queue;
  25          
  26          u8 UART1_rx_buf[UART1_RX_BUFF_SIZE];
  27          u8 UART0_rx_buf[UART0_RX_BUFF_SIZE];
  28          
  29          uart_frame_t uart_frame;
  30          uart_frame_t uart_tx_frame;
  31          uart0_frame_t uart0_frame;
  32          uart0_frame_t uart0_tx_frame;
  33          
  34          void uart_frame_init(void)
  35          {
  36   1        Create_Queue(&UART1_rx_queue,&UART1_rx_buf[0],UART1_RX_BUFF_SIZE);    //µчУГCreate_QueueєЇКэЈ¬ґґЅЁТ»ёц¶УБ
             -Р rx_queueЈ¬ІўЅ« rx_buf КэЧйЧчОЄ¶УБРµД»єіеЗшЈ¬RX_BUFF_SIZE ЧчОЄ¶УБРµДЧоґуИЭБї
  37   1        Create_Queue(&UART0_rx_queue,&UART0_rx_buf[0],UART0_RX_BUFF_SIZE);
  38   1        
  39   1        //ПВїШНЁС¶
  40   1        uart_frame.sof=START_OF_FRAME;    //(0X7F)
  41   1        uart_frame.eof=END_OF_FRAME;      //(0X7E)
  42   1        uart_tx_frame.sof=START_OF_FRAME;
  43   1        uart_tx_frame.eof=END_OF_FRAME;
  44   1        
  45   1        //А¶САДЈїйНЁС¶
  46   1        uart0_frame.sof=0X02;             
  47   1        uart0_tx_frame.sof=0X02; 
  48   1      }
  49          
  50          //ПВїШНЁС¶·ўЛН
  51          void uart1_frame_tx(u8 cmd,u8 dat)
  52          {
C51 COMPILER V9.60.0.0   UART_FRAME                                                        08/07/2025 09:12:49 PAGE 2   

  53   1        u8 xor=0;     //УГУЪјЖЛгРЈСйєН
  54   1        uart_tx_frame.cmd=cmd;
  55   1        xor^=cmd;
  56   1        uart_tx_frame.len=1;
  57   1        xor^=1;
  58   1        uart_tx_frame.buf[0]=dat;
  59   1        xor^=dat;
  60   1        uart_tx_frame.buf[1]=xor;    //УГУЪґжґўРЈСйєН
  61   1        uart_tx_frame.crch=0;
  62   1        uart_tx_frame.crcl=END_OF_FRAME;
  63   1        UART_Send_Buf(UART1,(u8*)&uart_tx_frame,uart_tx_frame.len+6);  //µчУГUART_Send_BufєЇКэЈ¬Ѕ«uart_tx_frameЅб
             -№№МеµДµШЦ·ЧчОЄІОКэЈ¬ТФј°uart_tx_frameµДі¤¶ИјУЙП 6ЈЁ°ьАЁЖрКјЦЎЎўГьБоЎўі¤¶ИЎўКэѕЭЎўРЈСйєНєНЅбКшЦЎЈ©ЧчОЄІОКэЈ¬·ўЛН UART Кэѕ
             -Э
  64   1      }
  65          
  66          void uart1_frame_tx_2(u8 cmd,u8 dat0,u8 dat1)
  67          {
  68   1        u8 xor=0;      //УГУЪјЖЛгРЈСйєН
  69   1        uart_tx_frame.cmd=cmd;
  70   1        xor^=cmd;
  71   1        uart_tx_frame.len=2;
  72   1        xor^=2;
  73   1        uart_tx_frame.buf[0]=dat0;
  74   1        xor^=dat0;
  75   1        uart_tx_frame.buf[1]=dat1;
  76   1        xor^=dat1;
  77   1        uart_tx_frame.crch=xor;    //УГУЪґжґўРЈСйєН
  78   1        uart_tx_frame.crcl=0;
  79   1        uart_tx_frame.eof=END_OF_FRAME;
  80   1        UART_Send_Buf(UART1,(u8*)&uart_tx_frame,uart_tx_frame.len+6);
  81   1      }
  82          
  83          
  84          //---------------------------------------------------------------
  85          //ПВїШНЁС¶ЅУКХЦёБоґ¦Ан
  86          void uart1_frame_loop(void)  //ґУЅУКХ¶УБРЦР»сИЎ UART КэѕЭ
  87          {
  88   1         static u8 sm=0,len=0;
  89   1         static u8 *ptr;
  90   1         u8 dat;
  91   1         u8 ret;
  92   1         //ET0 = 0; //ФКРнЦР¶П
  93   1         ret=Denter_queue(&UART1_rx_queue,&dat);
  94   1         //ET0 = 1; //ФКРнЦР¶П
  95   1         if(ret)    //ret=1 ¶УБРЦРУРКэѕЭЈ¬КэѕЭіц¶УБРЈ¬јґ·ўЛНКэѕЭ
  96   1         {
  97   2           if(dat==uart_frame.sof){sm=1;treadmills.ack=1;return;}
  98   2           switch(sm)
  99   2           {
 100   3           case 1:
 101   3             uart_frame.cmd=dat;
 102   3             sm=2;
 103   3             break;
 104   3           case 2:
 105   3             uart_frame.len=dat;
 106   3             if(uart_frame.len>2){sm=0;return;}
 107   3             len=0;
 108   3             ptr=&uart_frame.buf[0];
 109   3             sm=3;
 110   3             break;
 111   3           case 3:
 112   3             ptr[len]=dat;
C51 COMPILER V9.60.0.0   UART_FRAME                                                        08/07/2025 09:12:49 PAGE 3   

 113   3             len++;
 114   3             if(len>=(uart_frame.len+2)){sm=4;}
 115   3             break;
 116   3           case 4:
 117   3             if(dat==uart_frame.eof)
 118   3             {
 119   4               ptr=&uart_frame.cmd;
 120   4               dat=0;
 121   4               for(len=0;len<(uart_frame.len+2);len++)
 122   4               {
 123   5                dat^=ptr[len];
 124   5               }
 125   4               if(dat==ptr[len]){UART1_cmd_proc();}
 126   4             }
 127   3            sm=0;
 128   3             break;
 129   3           default:
 130   3             break;
 131   3           }
 132   2         }
 133   1      }
 134          
 135          
 136          //---------------------------------------------------------------
 137          extern u8 error_times;
 138          extern u8 down_control;
 139          //ПВїШНЁС¶ЅУКХЦёБоґ¦Ан
 140          void UART1_cmd_proc(void)
 141          {
 142   1        switch(uart_frame.cmd)
 143   1        {
 144   2        case CMD_STATUS:
 145   2          break;
 146   2        case CMD_SPEED:
 147   2          break;
 148   2      //  case CMD_STATUS_HEART:
 149   2      //    treadmills.param.runstep++;
 150   2      //    break;
 151   2        case CMD_ACK:
 152   2          LED1=!LED1;//ЦёКѕµЖЙБЛё
 153   2          treadmills.ack=1;
 154   2          down_control = uart_frame.buf[0];
 155   2          debug_printf("\r\n --->rply ack");
 156   2          //LED1=1;//ПЁГр
 157   2          break;
 158   2        case CMD_RESET:
 159   2        #if(0)
                  debug_printf("\r\n software reset");
                  AUXR1 &=(0X7F);
                  EA=0;
                  TA=0XAA;
                  TA=0X55;
                  CHPCON |=(1<<7);
                  //EA=1;
                #endif
 168   2          break;
 169   2        case CMD_STOP_OVER:
 170   2          if(error_times==0)treadmills.status=STATUS_STOP_OVER;
 171   2          break;
 172   2        case CMD_ERROR:
 173   2          treadmills.ack=1;
 174   2          if(treadmills.error_code ==0)
C51 COMPILER V9.60.0.0   UART_FRAME                                                        08/07/2025 09:12:49 PAGE 4   

 175   2          {
 176   3            treadmills.error_code=uart_frame.buf[0];
 177   3            error_times=0;
 178   3          }
 179   2          treadmills.status=STATUS_ERROR;
 180   2          break;
 181   2        case CMD_WRITE_PARAM:
 182   2          uart_tx_frame.cmd=CMD_WRITE_PARAM;
 183   2          uart_tx_frame.len=2;
 184   2          uart_tx_frame.buf[0]=(u8)param.speed_adc;
 185   2          uart_tx_frame.buf[1]=(~(u8)param.speed_adc);
 186   2          UART_Send_Buf(UART1,(UINT8*)&uart_tx_frame,sizeof(uart_tx_frame));
 187   2          break;
 188   2        case CMD_READ_PARAM:
 189   2          //СйЦ¤РЈСй
 190   2          if((uart_frame.buf[0] & uart_frame.buf[1])==0)
 191   2          {
 192   3            param.speed_adc=(s8)uart_frame.buf[0];
 193   3          }
 194   2          else
 195   2          {
 196   3            param.speed_adc=0;
 197   3          }
 198   2          break;
 199   2        case CMD_TEST:
 200   2          beep_set(1,DEFAULT_ON_TICKS,DEFAULT_OFF_TICKS);
 201   2          if(uart_frame.buf[0] ==0)
 202   2          {
 203   3            indecate.led_step=LED_ON;
 204   3            indecate.led_speed=LED_ON;
 205   3            indecate.led_updp=LED_ON;
 206   3            indecate.led_downdp=LED_ON;
 207   3      
 208   3            indecate.led_time=LED_ON;
 209   3            indecate.led_distance=LED_ON;
 210   3            indecate.led_calorie=LED_ON;
 211   3            set_seg_val(1234);
 212   3            set_seg_mode(SEG_MODE_NORMAL);
 213   3          }
 214   2          else if(uart_frame.buf[0] ==1)
 215   2          {
 216   3            indecate.led_step=LED_ON;
 217   3            indecate.led_speed=LED_ON;
 218   3            indecate.led_updp=LED_ON;
 219   3            indecate.led_downdp=LED_ON;
 220   3      
 221   3            indecate.led_time=LED_ON;
 222   3            indecate.led_distance=LED_ON;
 223   3            indecate.led_calorie=LED_ON;
 224   3            set_seg_val(5678);
 225   3            set_seg_mode(SEG_MODE_NORMAL);
 226   3          }
 227   2          else if(uart_frame.buf[0] ==2)
 228   2          {
 229   3            indecate.led_step=LED_ON;
 230   3            indecate.led_speed=LED_ON;
 231   3            indecate.led_updp=LED_ON;
 232   3            indecate.led_downdp=LED_ON;
 233   3      
 234   3            indecate.led_time=LED_ON;
 235   3            indecate.led_distance=LED_ON;
 236   3            indecate.led_calorie=LED_ON;
C51 COMPILER V9.60.0.0   UART_FRAME                                                        08/07/2025 09:12:49 PAGE 5   

 237   3            set_seg_val(8888);
 238   3            set_seg_mode(SEG_MODE_NORMAL);
 239   3          }
 240   2          break;
 241   2        default:
 242   2          break;
 243   2        }
 244   1      }
 245          
 246          //А¶САДЈїй·ўЛН
 247          void uart0_frame_tx_0(u8 cmd,u8 subcmd)
 248          {
 249   1        u8 xor=0;     //УГУЪјЖЛгРЈСйєН  Тм»т
 250   1        uart0_tx_frame.cmd=cmd;
 251   1        uart0_tx_frame.subcmd=subcmd;
 252   1        xor=cmd^subcmd;
 253   1        uart0_tx_frame.buf[0]=xor;    //УГУЪґжґўРЈСйєН
 254   1        uart0_tx_frame.buf[1]=0X03;  
 255   1        UART_Send_Buf(UART0,(u8*)&uart0_tx_frame,5);  //µчУГUART_Send_BufєЇКэЈ¬Ѕ«uart_tx_frameЅб№№МеµДµШЦ·ЧчОЄІОК
             -эЈ¬ТФј° uart_tx_frame µДі¤¶ИјУЙП 4ЈЁ°ьАЁЖрКјЦЎЎўГьБоЎўі¤¶ИЎўКэѕЭЎўРЈСйєНЈ©ЧчОЄІОКэЈ¬·ўЛН UART КэѕЭ
 256   1      }
 257          
 258          void uart0_frame_tx_1(u8 cmd,u8 subcmd,u8 dat)
 259          {
 260   1        u8 xor=0;     //УГУЪјЖЛгРЈСйєН  Тм»т
 261   1        uart0_tx_frame.cmd=cmd;
 262   1        uart0_tx_frame.subcmd=subcmd;
 263   1        xor=cmd^subcmd;
 264   1        uart0_tx_frame.buf[0]=dat;
 265   1        xor^=dat;
 266   1        uart0_tx_frame.buf[1]=xor;    //УГУЪґжґўРЈСйєН
 267   1        uart0_tx_frame.buf[2]=0X03;  
 268   1        UART_Send_Buf(UART0,(u8*)&uart0_tx_frame,6);  //µчУГUART_Send_BufєЇКэЈ¬Ѕ«uart_tx_frameЅб№№МеµДµШЦ·ЧчОЄІОК
             -эЈ¬ТФј° uart_tx_frame µДі¤¶ИјУЙП 4ЈЁ°ьАЁЖрКјЦЎЎўГьБоЎўі¤¶ИЎўКэѕЭЎўРЈСйєНЈ©ЧчОЄІОКэЈ¬·ўЛН UART КэѕЭ
 269   1      }
 270          
 271          void uart0_frame_tx_2(u8 cmd,u8 subcmd,u8 dat0,u8 dat1)
 272          {
 273   1        u8 xor=0;     //УГУЪјЖЛгРЈСйєН  Тм»т
 274   1        uart0_tx_frame.cmd=cmd;
 275   1        uart0_tx_frame.subcmd=subcmd;
 276   1        xor=cmd^subcmd;
 277   1        uart0_tx_frame.buf[0]=dat0;
 278   1        xor^=dat0;
 279   1        uart0_tx_frame.buf[1]=dat1;
 280   1        xor^=dat1;
 281   1        uart0_tx_frame.buf[2]=xor;    //УГУЪґжґўРЈСйєН
 282   1        uart0_tx_frame.buf[3]=0X03;   
 283   1        UART_Send_Buf(UART0,(u8*)&uart0_tx_frame,7);
 284   1      }
 285          
 286          void uart0_frame_tx_3(u8 cmd,u8 subcmd,u8 dat0,u8 dat1,u8 dat2)
 287          {
 288   1        u8 xor=0;     //УГУЪјЖЛгРЈСйєН  Тм»т
 289   1        uart0_tx_frame.cmd=cmd;
 290   1        uart0_tx_frame.subcmd=subcmd;
 291   1        xor=cmd^subcmd;
 292   1        uart0_tx_frame.buf[0]=dat0;
 293   1        xor^=dat0;
 294   1        uart0_tx_frame.buf[1]=dat1;
 295   1        xor^=dat1;
 296   1        uart0_tx_frame.buf[2]=dat2;
C51 COMPILER V9.60.0.0   UART_FRAME                                                        08/07/2025 09:12:49 PAGE 6   

 297   1        xor^=dat2;
 298   1        uart0_tx_frame.buf[3]=xor;    //УГУЪґжґўРЈСйєН
 299   1        uart0_tx_frame.buf[4]=0X03;     
 300   1        UART_Send_Buf(UART0,(u8*)&uart0_tx_frame,8);
 301   1      }
 302          
 303          void uart0_frame_tx_4(u8 cmd,u8 subcmd,u8 dat0,u8 dat1,u8 dat2,u8 dat3)
 304          {
 305   1        u8 xor=0;     //УГУЪјЖЛгРЈСйєН  Тм»т
 306   1        uart0_tx_frame.cmd=cmd;
 307   1        uart0_tx_frame.subcmd=subcmd;
 308   1        xor=cmd^subcmd;
 309   1        uart0_tx_frame.buf[0]=dat0;
 310   1        xor^=dat0;
 311   1        uart0_tx_frame.buf[1]=dat1;
 312   1        xor^=dat1;
 313   1        uart0_tx_frame.buf[2]=dat2;
 314   1        xor^=dat2;
 315   1        uart0_tx_frame.buf[3]=dat3;
 316   1        xor^=dat3;
 317   1        uart0_tx_frame.buf[4]=xor;    //УГУЪґжґўРЈСйєН
 318   1        uart0_tx_frame.buf[5]=0X03;    
 319   1        UART_Send_Buf(UART0,(u8*)&uart0_tx_frame,9);
 320   1      }
 321          
 322          
 323          void uart0_frame_tx_12(u8 cmd,u8 subcmd,u8 dat0,u8 dat1,u8 dat2,u8 dat3,u8 dat4,u8 dat5,u8 dat6,u8 dat7,u8
             - dat8,u8 dat9,u8 dat10,u8 dat11)
 324          {
 325   1        u8 xor=0;     //УГУЪјЖЛгРЈСйєН  Тм»т
 326   1        uart0_tx_frame.cmd=cmd;
 327   1        uart0_tx_frame.subcmd=subcmd;
 328   1        xor=cmd^subcmd;
 329   1        uart0_tx_frame.buf[0]=dat0;
 330   1        xor^=dat0;
 331   1        uart0_tx_frame.buf[1]=dat1;
 332   1        xor^=dat1;
 333   1        uart0_tx_frame.buf[2]=dat2;
 334   1        xor^=dat2;
 335   1        uart0_tx_frame.buf[3]=dat3;
 336   1        xor^=dat3;
 337   1        uart0_tx_frame.buf[4]=dat4;
 338   1        xor^=dat4;
 339   1        uart0_tx_frame.buf[5]=dat5;
 340   1        xor^=dat5;  
 341   1        uart0_tx_frame.buf[6]=dat6;
 342   1        xor^=dat6;
 343   1        uart0_tx_frame.buf[7]=dat7;
 344   1        xor^=dat7;
 345   1        uart0_tx_frame.buf[8]=dat8;
 346   1        xor^=dat8;
 347   1        uart0_tx_frame.buf[9]=dat9;
 348   1        xor^=dat9;
 349   1        uart0_tx_frame.buf[10]=dat10;
 350   1        xor^=dat10;
 351   1        uart0_tx_frame.buf[11]=dat11;
 352   1        xor^=dat11;  
 353   1        uart0_tx_frame.buf[12]=xor;    //УГУЪґжґўРЈСйєН
 354   1        uart0_tx_frame.buf[13]=0X03;   
 355   1        UART_Send_Buf(UART0,(u8*)&uart0_tx_frame,17);
 356   1      }
 357          
C51 COMPILER V9.60.0.0   UART_FRAME                                                        08/07/2025 09:12:49 PAGE 7   

 358          //А¶САДЈЧйЅУКХЦёБоґ¦Ан
 359          void uart0_frame_loop(void)  //ґУЅУКХ¶УБРЦР»сИЎ UART КэѕЭ
 360          {
 361   1         static u8 sm=0,len=0;    // ѕІМ¬±дБїУГУЪ±ЈґжЧґМ¬єНі¤¶ИРЕПў
 362   1         static u8 *ptr;          // ЦёПтКэѕЭ»єіеЗшµДЦёХл
 363   1         u8 datt;                 // УГУЪ±ЈґжґУ¶УБРЦР¶БИЎµДКэѕЭ
 364   1         u8 rett;                 // УГУЪ±Јґж¶УБР¶БИЎІЩЧчµД·µ»ШЦµ
 365   1      
 366   1         rett=Denter_queue(&UART0_rx_queue,&datt);   // ґУUART0_rx_queue¶УБРЦР¶БИЎКэѕЭ
 367   1         if(rett)    // Из№ыіЙ№¦¶БИЎµЅКэѕЭ
 368   1         {
 369   2           switch(sm)
 370   2           {
 371   3           case 1:   // ЧґМ¬1Ј¬ЅУКХГьБоЧЦЅЪ
 372   3             uart0_frame.cmd=datt;   // ±ЈґжГьБоЧЦЅЪ    
 373   3             sm=2;
 374   3             break;
 375   3           case 2:   // ЧґМ¬2Ј¬ЅУКХЧУГьБоЧЦЅЪ
 376   3             uart0_frame.subcmd=datt;   // ±ЈґжЧУГьБоЧЦЅЪ
 377   3             len=0;    // ЗеБгКэѕЭі¤¶ИјЖКэЖч
 378   3             ptr=&uart0_frame.buf[0];    // ЦёПтКэѕЭ»єіеЗшµДЖрКјО»ЦГ
 379   3             sm=3;
 380   3             break;
 381   3           case 3:   // ЧґМ¬3Ј¬ЅУКХКэѕЭЧЦЅЪ
 382   3             if(datt==0x03)
 383   3             {
 384   4               UART0_cmd_proc();
 385   4               sm=0;
 386   4             } 
 387   3             ptr[len]=datt;       
 388   3             len++;
 389   3             break;
 390   3           default:
 391   3             if(datt==0X02){sm=1;}   // Из№ы¶БИЎµЅµДКэѕЭКЗЖрКјЧЦЅЪ,ЗР»»µЅЧґМ¬1
 392   3             break;
 393   3           }
 394   2         }
 395   1      }
 396          
 397          // А¶САДЈЧйЅУКХЦёБоґ¦Ан
 398          void UART0_cmd_proc(void)
 399          {   
 400   1          uint8_t speed = treadmills.param.speed / 10;// МбИЎіЈУГ±дБї
 401   1          uint16_t seconds = treadmills.param.second;
 402   1          uint32_t distance = (uint32_t)treadmills.param.distance;
 403   1          uint16_t calorie = treadmills.param.calorie / 100;
 404   1          switch (uart0_frame.cmd)
 405   1          {
 406   2          case 0x50: // »сИЎЙи±ёРЕПў
 407   2              switch (uart0_frame.subcmd)
 408   2              {
 409   3              case 0x00:
 410   3                  uart0_frame_tx_4(0x50, 0x00, 0xE1, 0x00, 0x03, 0x00);//0xE1, 0x01
 411   3                  break;
 412   3              case 0x02:    
 413   3                  uart0_frame_tx_2(0x50, 0x02, 0x64, 0x0A);//10.0km,1.0
 414   3                  break;
 415   3              case 0x03:       
 416   3                  uart0_frame_tx_3(0x50, 0x03, 0x00, 0x00, 0x02);    
 417   3                  break;
 418   3              default:
 419   3                  break;
C51 COMPILER V9.60.0.0   UART_FRAME                                                        08/07/2025 09:12:49 PAGE 8   

 420   3              }
 421   2              break;
 422   2      
 423   2          case 0x51: // »сИЎЙи±ёЧґМ¬
 424   2              switch (treadmills.status)
 425   2              {
 426   3              case STATUS_WAIT:
 427   3                  uart0_frame_tx_0(0x51, 0x00);
 428   3                  break;
 429   3              case STATUS_RUN:
 430   3                  uart0_frame_tx_1(0x51, 0x02, 0x03);
 431   3                  break;
 432   3              case STATUS_STOP_OVER:
 433   3              case STATUS_RUNNING:
 434   3              case STATUS_STOP_WAIT:
 435   3              case STATUS_PAUSE:
 436   3                  uart0_frame_tx_12(0x51,
 437   3                                    treadmills.status == STATUS_STOP_OVER ? 0x01 :
 438   3                                    treadmills.status == STATUS_RUNNING   ? 0x03 :
 439   3                                    treadmills.status == STATUS_STOP_WAIT ? 0x04 : 0x0A,
 440   3                                    speed, 0x00, seconds & 0xFF, (seconds >> 8) & 0xFF,
 441   3                                    distance & 0xFF, (distance >> 8) & 0xFF,
 442   3                                    calorie & 0xFF, (calorie >> 8) & 0xFF,
 443   3                                    0x00, 0x00, 0x00, 0x00);
 444   3                  break;
 445   3              case STATUS_ERROR:
 446   3                  uart0_frame_tx_1(0x51, 0x05, 0x00);
 447   3                  break;
 448   3              default:
 449   3                  break;
 450   3              }
 451   2              break;
 452   2      
 453   2          case 0x53: // Йи±ёїШЦЖ
 454   2              switch (uart0_frame.subcmd)
 455   2              {
 456   3              case 0x01: // Жф¶Ї/»Цёґ
 457   3                  if ((treadmills.status == STATUS_WAIT || treadmills.status == STATUS_PAUSE) && !treadmills.err
             -or_code)
 458   3                  {
 459   4                      uart0_frame_tx_1(0x53, 0x01, 0x03);
 460   4                      treadmills.status = STATUS_RUN;
 461   4                      key_mask = 0xFF;
 462   4                      beep_set(1, DEFAULT_ON_TICKS, DEFAULT_OFF_TICKS);
 463   4                  }
 464   3                  else
 465   3                  {
 466   4                      beep_set(2, DEFAULT_ON_TICKS, DEFAULT_OFF_TICKS);
 467   4                  }
 468   3                  break;
 469   3              case 0x02: // ЙиЦГЛЩ¶ИєНЖВ¶И
 470   3                  if (treadmills.status == STATUS_RUNNING)
 471   3                  {
 472   4                      treadmills.param.speed = uart0_frame.buf[0] * 10;
 473   4                      uart1_frame_tx(CMD_SPEED, treadmills.param.speed / 10);
 474   4                      treadmills.display.index = 0;
 475   4                      treadmills.display.mode = DISP_MODE_SINGLE;
 476   4                      uart0_frame_tx_2(0x53, 0x02, treadmills.param.speed / 10, 0x00);
 477   4                      beep_set(1, DEFAULT_ON_TICKS, DEFAULT_OFF_TICKS);
 478   4                  }
 479   3                  break;
 480   3              case 0x03: // НЈЦ№
C51 COMPILER V9.60.0.0   UART_FRAME                                                        08/07/2025 09:12:49 PAGE 9   

 481   3                  if (treadmills.status == STATUS_RUNNING || treadmills.status == STATUS_PAUSE)
 482   3                  {
 483   4      //                PAUSE_FLAG = 0;
 484   4                      uart0_frame_tx_0(0x53, 0x03);
 485   4                      treadmills.status = STATUS_STOP;
 486   4                      key_mask = 0x00;
 487   4                      beep_set(1, DEFAULT_ON_TICKS, DEFAULT_OFF_TICKS);
 488   4                  }
 489   3                  break;
 490   3              case 0x0A: // ФЭНЈ
 491   3                  if (treadmills.status == STATUS_RUNNING)
 492   3                  {
 493   4      //                PAUSE_FLAG = 1;
 494   4                      uart0_frame_tx_0(0x53, 0x0A);
 495   4                      treadmills.status = STATUS_STOP;
 496   4                      key_mask = 0x00;
 497   4                      beep_set(1, DEFAULT_ON_TICKS, DEFAULT_OFF_TICKS);
 498   4                  }
 499   3                  break;
 500   3              default:
 501   3                  break;
 502   3              }
 503   2              break;
 504   2      
 505   2          default:
 506   2              break;
 507   2          }
 508   1      }
 509          


MODULE INFORMATION:   STATIC OVERLAYABLE
   CODE SIZE        =   2100    ----
   CONSTANT SIZE    =   ----    ----
   XDATA SIZE       =    404      40
   PDATA SIZE       =   ----    ----
   DATA SIZE        =   ----    ----
   IDATA SIZE       =   ----    ----
   BIT SIZE         =   ----    ----
END OF MODULE INFORMATION.


C51 COMPILATION COMPLETE.  0 WARNING(S),  0 ERROR(S)
