C51 COMPILER V9.60.7.0   BEEP                                                              06/05/2025 18:20:23 PAGE 1   


C51 COMPILER V9.60.7.0, COMPILATION OF MODULE BEEP
OBJECT MODULE PLACED IN .\Output\beep.obj
COMPILER INVOKED BY: D:\Program Files\Keil_v5\C51\BIN\C51.EXE ..\driver\beep.c LARGE OPTIMIZE(7,SPEED) BROWSE INCDIR(..\
                    -Library\Device\Include;..\Library\StdDriver\inc;..\user;..\driver;..\bsp;..\Include;..\common) DEBUG OBJECTEXTEND PRINT(
                    -.\LST\beep.lst) TABS(2) OBJECT(.\Output\beep.obj)

line level    source

   1          /*
   2           * beep.c
   3           *
   4           *  Created on: 2019Äę7ÔÂ3ČŐ
   5           *      Author: Administrator
   6           */
   7          #ifndef DRIVER_BEEP_C_
   8          #define DRIVER_BEEP_C_
   9          #include "common.h"
  10          #include "beep.h"
  11          #include "pwm_simple.h"
  12          #include "treadmills.h"
  13          
  14          #define BEEP_DISABLE()  {PWM1DutyCycle(0);}
  15          #define BEEP_ENABLE()   {PWM1DutyCycle(200);}
  16          
  17          static u8 cnt=0;
  18          static u16 on=0,off=0;
  19          static u16 ticks=0;
  20          u8 is_disable_beep = 0; //˝űÖą·äĂůĆ÷
  21          
  22          void beep_force_stop(void)
  23          {
  24   1        cnt=0+1;
  25   1        BEEP_DISABLE();
  26   1      }
  27          
  28          
  29          void beep_set(u8 count,u16 on_ticks,u16 off_ticks)
  30          {
  31   1        if(is_disable_beep){return;}  
  32   1      #if(0)
                if(count==0){cnt=0;BEEP_DISABLE();return;}
                on=on_ticks;
                off=off_ticks;
                BEEP_ENABLE();
                cnt=count+1;
                ticks=0;
              #else
  40   1          if(count==0){cnt=0;BEEP_DISABLE();return;}
  41   1          if(cnt){return;}
  42   1          on=on_ticks;
  43   1          off=off_ticks;
  44   1          BEEP_ENABLE();
  45   1          cnt=count+1;
  46   1          ticks=0;
  47   1      
  48   1      #endif
  49   1      }
  50          
  51          void beep_sound_proc(void)
  52          {
  53   1        if(cnt==1)
C51 COMPILER V9.60.7.0   BEEP                                                              06/05/2025 18:20:23 PAGE 2   

  54   1        {
  55   2          BEEP_DISABLE();
  56   2          cnt=0;
  57   2        }
  58   1        else if(cnt>1)
  59   1        {
  60   2          if(ticks==on)
  61   2          {
  62   3            BEEP_DISABLE();
  63   3            cnt--;
  64   3          }
  65   2          else if(ticks>(off+on))
  66   2          {
  67   3            if(cnt>1){BEEP_ENABLE();}
  68   3            ticks=0xffff;
  69   3          }
  70   2          ticks++;
  71   2        }
  72   1      }
  73          
  74          #endif /* DRIVER_BEEP_C_ */


MODULE INFORMATION:   STATIC OVERLAYABLE
   CODE SIZE        =    244    ----
   CONSTANT SIZE    =   ----    ----
   XDATA SIZE       =      8       5
   PDATA SIZE       =   ----    ----
   DATA SIZE        =   ----    ----
   IDATA SIZE       =   ----    ----
   BIT SIZE         =   ----    ----
END OF MODULE INFORMATION.


C51 COMPILATION COMPLETE.  0 WARNING(S),  0 ERROR(S)
