C51 COMPILER V9.60.0.0   MAIN                                                              07/25/2025 12:29:00 PAGE 1   


C51 COMPILER V9.60.0.0, COMPILATION OF MODULE MAIN
OBJECT MODULE PLACED IN .\Output\main.obj
COMPILER INVOKED BY: D:\Software\Keil_V5\C51\C51\BIN\C51.EXE ..\user\main.c LARGE OPTIMIZE(7,SPEED) BROWSE INCDIR(..\Lib
                    -rary\Device\Include;..\Library\StdDriver\inc;..\user;..\driver;..\bsp;..\Include;..\common) DEBUG OBJECTEXTEND PRINT(.\L
                    -ST\main.lst) TABS(2) OBJECT(.\Output\main.obj)

line level    source

   1          /*
   2           * main.c
   3           *
   4           *  Created on: 2019Фъ11дТ28Ше
   5           *      Author: Administrator
   6           */
   7          //////////////////////////////////////////////////////////
   8          //
   9          //////////////////////////////////////////////////////////
  10          #include "common.h"
  11          #include "aip1628.h"
  12          #include "led_disp.h"
  13          #include "indecate.h"
  14          #include "keypad.h"
  15          #include "keypad_fun.h"
  16          #include "pwm_simple.h"
  17          #include "beep.h"
  18          #include "uart.h"
  19          #include "uart_frame.h"
  20          #include "treadmills.h"
  21          #include "param.h"
  22          #include "decode.h"
  23          #include "7_segment.h"
  24          
  25          
  26          u8 down_control=0;
  27          u16 no_key_cnt = 0; //ЮоАДМќМЦЪБ
  28          
  29          static bit poweron_send_flag = 0;
  30          
  31          extern UINT8  ms10_flag;
  32          extern UINT8  ms100_flag;
  33          extern UINT8  ms250_flag;
  34          extern UINT8  ms500_flag;
  35          extern UINT8  ms1000_flag;
  36          extern void Timer0_Init(void);
  37          
  38          void MODIFY_HIRC_166(void)
  39          {
  40   1        unsigned char data hircmap0,hircmap1;
  41   1        unsigned int trimvalue16bit;
  42   1        /* Check if power on reset, modify HIRC */
  43   1        if (PCON&SET_BIT4)
  44   1        {
  45   2          CKDIV = 0x00;
  46   2          set_IAPEN;
  47   2          IAPAL = 0x30;
  48   2          IAPAH = 0x00;
  49   2          IAPCN = READ_UID;
  50   2          set_IAPGO;
  51   2          hircmap0 = IAPFD;
  52   2          IAPAL = 0x31;
  53   2          IAPAH = 0x00;
C51 COMPILER V9.60.0.0   MAIN                                                              07/25/2025 12:29:00 PAGE 2   

  54   2          set_IAPGO;
  55   2          hircmap1 = IAPFD;
  56   2          clr_IAPEN;
  57   2          trimvalue16bit = ((hircmap0<<1)+(hircmap1&0x01));
  58   2          trimvalue16bit = trimvalue16bit - 15;
  59   2          hircmap1 = trimvalue16bit&0x01;
  60   2          hircmap0 = trimvalue16bit>>1;
  61   2          TA=0XAA;
  62   2          TA=0X55;
  63   2          RCTRIM0 = hircmap0;
  64   2          TA=0XAA;
  65   2          TA=0X55;
  66   2          RCTRIM1 = hircmap1;
  67   2      
  68   2      
  69   2          //CKDIV = 0x50;         //HIRC devider 160
  70   2          //set_CLOEN;            //Check HIRC out wavefrom to confirm the HIRC modified
  71   2          /* Clear power on flag */
  72   2          PCON &= CLR_BIT4;
  73   2        }
  74   1      }
  75          
  76          
  77          void send_default_param(void)
  78          {
  79   1        u8 i=0;
  80   1        
  81   1        treadmills.param.speed_step = DEFAULT_SPEED_STEP;//50;
  82   1        treadmills.param.speed_max = DEFAULT_SPEED_MAX;//600;
  83   1        treadmills.param.voltage_max = DEFAULT_VOLTAGE_MAX;//90;
  84   1        treadmills.param.voltage_min = DEFAULT_VOLTAGE_MIN;//15;
  85   1        treadmills.param.over_current_max = DEFAULT_OVER_CURRENT_MAX;//120;
  86   1      
  87   1        treadmills.param.kiv[0] = DEFAULT_SET_KIV_1KM_VALUE;//20;
  88   1        treadmills.param.kiv[1] = DEFAULT_SET_KIV_2KM_VALUE;//20;
  89   1        treadmills.param.kiv[2] = DEFAULT_SET_KIV_3KM_VALUE;//15;
  90   1        treadmills.param.kiv[3] = DEFAULT_SET_KIV_4KM_VALUE;//10;
  91   1        treadmills.param.kiv[4] = DEFAULT_SET_KIV_5KM_VALUE;//8;
  92   1        treadmills.param.kiv[5] = DEFAULT_SET_KIV_6KM_VALUE;//8;
  93   1        treadmills.param.kiv[6] = DEFAULT_SET_KIV_7KM_VALUE;//6;
  94   1        treadmills.param.kiv[7] = DEFAULT_SET_KIV_8KM_VALUE;//6;
  95   1        treadmills.param.kiv[8] = DEFAULT_SET_KIV_9KM_VALUE;//6;
  96   1        treadmills.param.kiv[9] = DEFAULT_SET_KIV_10KM_VALUE;//6;
  97   1        treadmills.param.kiv[10] = DEFAULT_SET_KIV_11KM_VALUE;//6;
  98   1        treadmills.param.kiv[11] = DEFAULT_SET_KIV_12KM_VALUE;//6;
  99   1        
 100   1        //****************ЩЯЕчОЭЗЂЫЭ*************  
 101   1        for(i = 0; i< 100;i++)
 102   1        {
 103   2          NOP_15();
 104   2        }
 105   1        uart1_frame_tx(CMD_STATUS,STATUS_MOTOR_STOP);
 106   1        uart1_frame_tx(CMD_TREADMILLS_SPEED_MAX,treadmills.param.speed_max/10);  //КѓУцЕФЩшжУВЮЪ§ЗЂЫЭЕФЪБКђЛсАбЧ
             -АУцЕФвЛЭЌЗЂЫЭИјЯТПи
 107   1        uart1_frame_tx(CMD_VOLTAGE_MAX,treadmills.param.voltage_max);
 108   1        uart1_frame_tx(CMD_VOLTAGE_MIN,treadmills.param.voltage_min); 
 109   1        uart1_frame_tx(CMD_OVER_CURRENT_MAX,treadmills.param.over_current_max);  
 110   1        uart1_frame_tx(CMD_OVER_VALTAGE_MAX,140); // 220V:240,110V:140
 111   1        uart1_frame_tx(CMD_STA_LEVEL,3);    //value chose betwen 1~5 , the higher the level , the faster the star
             -ting speed
 112   1        uart1_frame_tx(CMD_END_LEVEL,10); //VALUE CHOSE BETWEN 13~25 , the higher the level , the faster the endi
             -ng   speed
C51 COMPILER V9.60.0.0   MAIN                                                              07/25/2025 12:29:00 PAGE 3   

 113   1        uart1_frame_tx(CMD_Accelerated_LEVEL,5);  //value chose betwen 1~6 , the higher the value , the faster the
             - acceleration
 114   1        uart1_frame_tx(CMD_deceleration_LEVEL,5);//VALUE CHOSE BETWEN 1~6 , the higher the value , the faster the
             - deceleration
 115   1        for( i = 16; i < 28; i++)        //16 = CMD_KIV_1KMЃЌ 27 = CMD_KIV_12KM;
 116   1        {
 117   2          uart1_frame_tx(i ,treadmills.param.kiv[i-16]); 
 118   2        }
 119   1      }
 120          
 121          extern u8 uart_time_error;
 122          bit poweron_flag = 1; 
 123          /*********************************************************************************************************
             -***
 124          *    Main function
 125          **********************************************************************************************************
             -**/
 126          void main (void)
 127          {
 128   1        u8 i = 0;
 129   1        static u8 send_cnt = 0;
 130   1        static u8 poweron_cnt = 0;
 131   1        
 132   1        NOP_15();
 133   1        MODIFY_HIRC_166();
 134   1        Set_All_GPIO_Quasi_Mode;
 135   1      
 136   1        /*
 137   1         * зМЫЋЯђ:     PxM1=0 PxM2=0
 138   1         * ЭЦЭь:       PxM1=0 PxM2=1
 139   1         * ИпзшПЙЪфШы:  PxM1=1 PxM2=0
 140   1         * ПЊТЉ:       PxM1=1 PxM2=1
 141   1         *
 142   1         */
 143   1        P0M1 =(1<<0) |(1<<1) |(0<<2) |(1<<3) |(1<<4) |(0<<5) |(0<<6) |(0<<7);
 144   1        P0M2 =(0<<0) |(0<<1) |(0<<2) |(0<<3) |(0<<4) |(1<<5) |(0<<6) |(0<<7);
 145   1      
 146   1        P1M1 =(1<<0) |(0<<1) |(0<<2) |(0<<3) |(0<<4) |(0<<5) |(0<<6) |(1<<7);
 147   1        P1M2 =(0<<0) |(0<<1) |(0<<2) |(0<<3) |(1<<4) |(0<<5) |(0<<6) |(0<<7);
 148   1      
 149   1        P3M1 =(1<<0);
 150   1        P3M2 =(0<<0);
 151   1        
 152   1        key_mask=0x00;//НћжЙЫљгаАДМќ
 153   1       
 154   1        RF433M_Init();          //433ФЃПщв§НХГѕЪМЛЏ 
 155   1        led_display_init();
 156   1        aip1628_init();
 157   1        pwm_init();
 158   1        uart_init();
 159   1        Timer0_Init();
 160   1        uart_frame_init();
 161   1      
 162   1        treadmills_init();
 163   1        param_init();
 164   1        ee_param_init();
 165   1        
 166   1      //  treadmills.status=STATUS_POWERON;  
 167   1        poweron_send_flag = 1;
 168   1        set_EA;       //ПЊзмжаЖЯ
 169   1      
 170   1        beep_set(1,DEFAULT_ON_TICKS,DEFAULT_OFF_TICKS);
C51 COMPILER V9.60.0.0   MAIN                                                              07/25/2025 12:29:00 PAGE 4   

 171   1      
 172   1      
 173   1        while(1)
 174   1        {
 175   2          uart1_frame_loop();
 176   2      
 177   2          //10ms жмЦкДІРэГЬађ
 178   2          if(ms10_flag)
 179   2          {
 180   3            ms10_flag=0;
 181   3            KeyPad_Scan();
 182   3            beep_sound_proc();
 183   3            boot_time();
 184   3          }
 185   2          
 186   2           //100ms жмЦкДІРэГЬађ
 187   2            if(ms100_flag)
 188   2            {
 189   3              ms100_flag=0;
 190   3              seg_disp_proc();
 191   3              treadmills_disp_loop();
 192   3              treadmills_proc_loop();
 193   3            }
 194   2            
 195   2            //250ms жмЦкДІРэГЬађ
 196   2            if(ms250_flag)
 197   2            {
 198   3              ms250_flag=0;  
 199   3              communication_checkout();
 200   3              if(poweron_send_flag == 1)
 201   3              {
 202   4                send_cnt++;
 203   4                if( send_cnt >= 3)
 204   4                {
 205   5                  send_default_param();
 206   5                  send_cnt = 0;
 207   5                  poweron_send_flag = 0;              
 208   5                }          
 209   4              } 
 210   3            }
 211   2            
 212   2            //500ms жмЦкДІРэГЬађ
 213   2            if(ms500_flag)
 214   2            {
 215   3              ms500_flag=0;
 216   3              
 217   3              if(poweron_flag == 1)
 218   3                {
 219   4                  key_mask = 0x00; 
 220   4                  poweron_cnt++;
 221   4                  if(poweron_cnt == 1)                        //ШЋСС2УыКѓЯдЪОАцБОКХ
 222   4                  {
 223   5                    set_bit_seg(0,SEG_U);               //ЯдЪОU
 224   5                    set_bit_seg(1,NUM_1);     //АцБОКХИпЮЛ
 225   5                    set_bit_seg(2,NUM_0);     //АцБОКХЕЭЮЛ
 226   5                    set_bit_seg(3,SEG_ALL_OFF);               //ЧПжЦЙиБеЯдЪО
 227   5                    set_dp1();                 //decimal point     
 228   5                  }            
 229   4                
 230   4                  if(poweron_cnt == 3)                        //ШЋСС2УыКѓЯдЪОАцБОКХ
 231   4                  {
 232   5                    set_bit_seg(0,SEG_C);               
C51 COMPILER V9.60.0.0   MAIN                                                              07/25/2025 12:29:00 PAGE 5   

 233   5                    set_bit_seg(1,seg_num[down_control / 10]);      //АцБОКХИпЮЛ
 234   5                    set_bit_seg(2,seg_num[down_control % 10]);      //АцБОКХЕЭЮЛ
 235   5                    set_bit_seg(3,SEG_ALL_OFF);               //ЧПжЦЙиБеЯдЪО
 236   5                    set_dp1();                 //decimal point
 237   5                  }
 238   4                  
 239   4                  if(poweron_cnt == 5)   //ШЋСС2УыКѓЯдЪОАцБОКХ
 240   4                  {
 241   5                     //ЩЯЕчШЋСС
 242   5                     treadmills.status=STATUS_FULL_DISPLAY;             
 243   5                  }
 244   4                  if(poweron_cnt == 7)   //ШЋСС2УыКѓЯдЪОАцБОКХ
 245   4                  {
 246   5                    treadmills.status=STATUS_POWERON; 
 247   5                    poweron_flag = 0;
 248   5                    poweron_cnt = 0;
 249   5                  }
 250   4                }
 251   3                if(poweron_flag == 0)
 252   3                  {
 253   4                    key_mask=0xff;
 254   4                  }
 255   3                   
 256   3                if(treadmills.status!=STATUS_RUNNING)
 257   3                   {
 258   4                      no_key_cnt++;
 259   4                      if(no_key_cnt == 1200)   //Д§ЛњЪБМф
 260   4                        {                   
 261   5                          set_seg_mode(SEG_MODE_NORMAL);
 262   5                          treadmills.status = STATUS_SLEEP_MODE;
 263   5                          no_key_cnt=0;
 264   5                        }
 265   4                    }
 266   3              }
 267   2      
 268   2            //1УыжмЦк ДІРэГЬађ
 269   2            if(ms1000_flag)
 270   2            {
 271   3              ms1000_flag=0;
 272   3              treadmills_param_calc();
 273   3              
 274   3              uart_time_error++;
 275   3              if(uart_time_error>5&&poweron_flag==0)
 276   3                {
 277   4                  treadmills.error_code=ERROR_06;
 278   4                  treadmills.status=STATUS_ERROR;
 279   4                }
 280   3            }
 281   2          // led update
 282   2          disp_update();
 283   2        }
 284   1      }


MODULE INFORMATION:   STATIC OVERLAYABLE
   CODE SIZE        =    944    ----
   CONSTANT SIZE    =   ----    ----
   XDATA SIZE       =      5       2
   PDATA SIZE       =   ----    ----
   DATA SIZE        =   ----       2
   IDATA SIZE       =   ----    ----
   BIT SIZE         =      2    ----
C51 COMPILER V9.60.0.0   MAIN                                                              07/25/2025 12:29:00 PAGE 6   

END OF MODULE INFORMATION.


C51 COMPILATION COMPLETE.  0 WARNING(S),  0 ERROR(S)
