C51 COMPILER V9.60.0.0   DECODE                                                            09/16/2025 17:25:25 PAGE 1   


C51 COMPILER V9.60.0.0, COMPILATION OF MODULE DECODE
OBJECT MODULE PLACED IN .\Output\decode.obj
COMPILER INVOKED BY: D:\Software\Keil_V5\C51\C51\BIN\C51.EXE ..\user\decode.c LARGE OPTIMIZE(7,SPEED) BROWSE INCDIR(..\L
                    -ibrary\Device\Include;..\Library\StdDriver\inc;..\user;..\driver;..\bsp;..\Include;..\common) DEBUG OBJECTEXTEND PRINT(.
                    -\LST\decode.lst) TABS(2) OBJECT(.\Output\decode.obj)

line level    source

   1          #include "decode.h"
   2          #include "common.h"
   3          #include "ee_param.h"
   4          
   5          bit old_bit;                   //ұЈҙжЙПТ»ҙО ІйСҜөҪөДөзЖҪЧҙМ¬
   6          bit syn_ok;                    //Н¬ІҪВлұкЦҫО» 
   7          bit rf_ok;                     //ҪУКХНкХыГьБоұкЦҫО»Ј¬НЁЦӘҪвВліМРтҝЙТФҪвВлБЛ
   8          bit rf_ok_first,rf_ok_second;  //ҪУКХіЙ№ҰБЩКұұкЦҫ
   9          
  10          u8 key_value= 0;                     //°ҙјьұаВлЦө
  11          u16 high_width_cnt,low_width_cnt;    //ёЯЈ¬өНөзЖҪВцҝн
  12          u8  rec_bit_cnt;                     //ҪУКХөҪөЪјёО»ұаВлБЛ
  13          u8  temp_code1,temp_code2,temp_code3,temp_code4;  //УГУЪҪУКХ№эіМҙж·ЕТЈҝШұаВл
  14          u8  first_code1,first_code2,first_code3;          //өЪТ»ҙОҪУКХөҪөДұаВл
  15          u8  second_code1,second_code2,second_code3;       //өЪ¶юҙОҪУКХөҪөДұаВл Ј¬УГУЪҪвВл№эіМ
  16          u8  match_first_code1 = 0,match_first_code2 = 0; //ТЈҝШЖч»өБЛЈ¬ЖдЛыТЈҝШЖч¶ФВлөЪТ»ҙОҪУКХөДұаВл
  17          u8  match_key_value = 0; //ТЈҝШЖч»өБЛЈ¬ЖдЛыТЈҝШЖч¶ФВл°ҙјьұаВлЦө
  18          
  19          u16 s_tim;                //УГУЪ¶ЁКұ
  20          
  21          
  22          //RF433MҪвВлЈәҪвВліцөДЦөҙж·ЕФЪkey_value
  23          void RF433M_Init(void)
  24          {
  25   1        P00_Input_Mode;  
  26   1        rf_ok =0;  
  27   1      }
  28          
  29          u8 short_long_keytime;
  30          extern u8 key_valuq;
  31          void RF433M_RecevieDecode(void)  
  32          {          
  33   1        if(!RF_REC)  //P00
  34   1        { 
  35   2          low_width_cnt++;
  36   2          old_bit=0; 
  37   2        }  
  38   1        else        
  39   1        {
  40   2          if(!old_bit)   //јмІвөҪҙУөНөҪёЯөДМшұдЈ¬ТСјмІвөҪТ»ёцНкХыөДЈЁёЯ-өНЈ©өзЖҪЦЬЖЪ
  41   2          {
  42   3            if(((high_width_cnt >= RF_SYN_H_MIN)&&(high_width_cnt <= RF_SYN_H_MAX ))&&((low_width_cnt>= RF_SYN_L
             -_MIN)&&(low_width_cnt<= RF_SYN_L_MAX)))  //ЕРН¬ІҪВл        
  43   3            {                                                    
  44   4              rec_bit_cnt=0;
  45   4              syn_ok=1;
  46   4              temp_code1=0;
  47   4              temp_code2=0;
  48   4              temp_code3=0; 
  49   4              temp_code4=0; 
  50   4            }
  51   3            else if((syn_ok)&&((high_width_cnt >= RF_DATA0_MIN )&&(high_width_cnt <= RF_DATA0_MAX)))  //ТСҫӯҪУКХ
             -өҪН¬ІҪВлЈ¬ёщҫЭёЯөзЖҪЕР¶ПКэҫЭ0
C51 COMPILER V9.60.0.0   DECODE                                                            09/16/2025 17:25:25 PAGE 2   

  52   3            {        
  53   4              rec_bit_cnt++;                     //ТСҫӯҪУКХөҪН¬ІҪВлЈ¬ЕР¶ПКэҫЭОӘbit0,
  54   4              if(rec_bit_cnt >= RF_REC_BIT_LEN)  //ҪУКХНк32О»КэҫЭ
  55   4              {
  56   5                if(!rf_ok_first)
  57   5                { 
  58   6                  if((ee_param.key_add1 == 0)&&(ee_param.key_add2 == 0)) //ТЈҝШ¶ФВл
  59   6                  {
  60   7                    first_code1=temp_code1;
  61   7                    first_code2=temp_code2;
  62   7                  }
  63   6                  else
  64   6                  {
  65   7                    first_code1=ee_param.key_add1;
  66   7                    first_code2=ee_param.key_add2;
  67   7                    if(first_code1 != temp_code1 || first_code2 != temp_code2){//ЖдЛыТЈҝШЖчЖҘЕдөДөЪТ»ҙОҪУКХ
  68   8                        match_first_code1 = temp_code1; 
  69   8                        match_first_code2 = temp_code2;
  70   8                    }
  71   7                  }
  72   6                
  73   6                  first_code3=temp_code3;    //Ҫ«ҪУКХөҪөДұаВлёіЦөөҪҙж·ЕҪУКХөДөЪ1ҙОКэҫЭөДұдБҝЦР                  
             -         
  74   6             
  75   6                  rf_ok_first=1;
  76   6                  rec_bit_cnt=0;                           
  77   6                  syn_ok=0;
  78   6                  s_tim=1200;     //2500НнөгөчХыҙуРЎ                                               
  79   6                }
  80   5                else
  81   5                {
  82   6                  second_code1=temp_code1;
  83   6                  second_code2=temp_code2;
  84   6                  second_code3=temp_code3;   //Ҫ«ҪУКХөҪөДұаВлёіЦөөҪҙж·ЕҪУКХөЪ2ҙОКэҫЭөДұдБҝЦР                    
             -   
  85   6      
  86   6                  rf_ok_second=1;
  87   6                  rec_bit_cnt=0;                              
  88   6                  syn_ok=0;                                                                                     
             -                                                                
  89   6                }
  90   5              }
  91   4            }                  
  92   3            else if((syn_ok)&&((high_width_cnt >= RF_DATA1_MIN)&&(high_width_cnt <= RF_DATA1_MAX))) //КэҫЭbit1  
             -  
  93   3            {
  94   4              rec_bit_cnt++;
  95   4      
  96   4              switch (rec_bit_cnt)
  97   4              {
  98   5                case 1 : { temp_code1=temp_code1 | 0x80; break; }//ТЈҝШөШЦ·ұаВлөЪ1О»
  99   5                case 2 : { temp_code1=temp_code1 | 0x40; break; }
 100   5                case 3 : { temp_code1=temp_code1 | 0x20; break; }
 101   5                case 4 : { temp_code1=temp_code1 | 0x10; break; }
 102   5                case 5 : { temp_code1=temp_code1 | 0x08; break; }
 103   5                case 6 : { temp_code1=temp_code1 | 0x04; break; }
 104   5                case 7 : { temp_code1=temp_code1 | 0x02; break; }
 105   5                case 8 : { temp_code1=temp_code1 | 0x01; break; }
 106   5                case 9 : { temp_code2=temp_code2 | 0x80; break; }
 107   5                case 10: { temp_code2=temp_code2 | 0x40; break; }
 108   5                case 11: { temp_code2=temp_code2 | 0x20; break; }
 109   5                case 12: { temp_code2=temp_code2 | 0x10; break; }
C51 COMPILER V9.60.0.0   DECODE                                                            09/16/2025 17:25:25 PAGE 3   

 110   5                case 13: { temp_code2=temp_code2 | 0x08; break; }
 111   5                case 14: { temp_code2=temp_code2 | 0x04; break; }
 112   5                case 15: { temp_code2=temp_code2 | 0x02; break; }
 113   5                case 16: { temp_code2=temp_code2 | 0x01; break; }
 114   5                case 17: { temp_code3=temp_code3 | 0x80; break; }//°ҙјьВлөЪ1О»
 115   5                case 18: { temp_code3=temp_code3 | 0x40; break; }
 116   5                case 19: { temp_code3=temp_code3 | 0x20; break; }
 117   5                case 20: { temp_code3=temp_code3 | 0x10; break; }
 118   5                case 21: { temp_code3=temp_code3 | 0x08; break; }
 119   5                case 22: { temp_code3=temp_code3 | 0x04; break; }
 120   5                case 23: { temp_code3=temp_code3 | 0x02; break; }
 121   5                case 24: { temp_code3=temp_code3 | 0x01;
 122   6      //          break; }
 123   6      //          case 25: { temp_code4=temp_code4 | 0x80; break; }//РЈСйВлөЪ1О»
 124   6      //          case 26: { temp_code4=temp_code4 | 0x40; break; }
 125   6      //          case 27: { temp_code4=temp_code4 | 0x20; break; }
 126   6      //          case 28: { temp_code4=temp_code4 | 0x10; break; }
 127   6      //          case 29: { temp_code4=temp_code4 | 0x08; break; }
 128   6      //          case 30: { temp_code4=temp_code4 | 0x04; break; }
 129   6      //          case 31: { temp_code4=temp_code4 | 0x02; break; }
 130   6      //          case 32: { temp_code4=temp_code4 | 0x01; 
 131   6                 
 132   6                          if(!rf_ok_first)
 133   6                          {
 134   7                            if((ee_param.key_add1 == 0)&&(ee_param.key_add2 == 0)) //ТЈҝШ¶ФВл
 135   7                            {
 136   8                              first_code1=temp_code1;
 137   8                              first_code2=temp_code2;
 138   8                            }
 139   7                            else
 140   7                            {
 141   8                              first_code1=ee_param.key_add1;
 142   8                              first_code2=ee_param.key_add2;
 143   8                              if (first_code1 != temp_code1 || first_code2 != temp_code2){//ЖдЛыТЈҝШЖчЖҘЕдөДөЪТ»
             -ҙОҪУКХ
 144   9                                  match_first_code1 = temp_code1; 
 145   9                                  match_first_code2 = temp_code2;
 146   9                              }
 147   8                            }
 148   7                            first_code3=temp_code3;   //Ҫ«ҪУКХөҪөДұаВлёіЦөөҪҙж·ЕҪУКХөДөЪ1ҙОКэҫЭөДҪвВлјДҙжЖч(ұдБҝ
             -ЦР)                      
 149   7                            
 150   7                            
 151   7                            rf_ok_first=1;                                
 152   7                            syn_ok=0;
 153   7                            rec_bit_cnt=0;
 154   7                            s_tim=900;       //1200      //2500; //НнөгөчХыҙуРЎ   2500*20=50ms                  
             -  
 155   7                            break;
 156   7                          }
 157   6                          else
 158   6                          {
 159   7                            second_code1=temp_code1;
 160   7                            second_code2=temp_code2;
 161   7                            second_code3=temp_code3; //Ҫ«ҪУКХөҪөДұаВлёіЦөөҪҙж·ЕҪУКХөДөЪ2ҙОКэҫЭөДҪвВлјДҙжЖч(ұдБҝЦ
             -Р)                         
 162   7      
 163   7                            rf_ok_second=1;                                
 164   7                            syn_ok=0;              
 165   7                            rec_bit_cnt=0;  
 166   7                            break;                              
 167   7                          }             
C51 COMPILER V9.60.0.0   DECODE                                                            09/16/2025 17:25:25 PAGE 4   

 168   6                        }                        
 169   5                default : break;                    
 170   5              }
 171   4            }
 172   3            else  //ҪУКХөҪөДОӘОЮР§өзЖҪЈ¬ФУІЁ   
 173   3            {
 174   4              short_long_keytime=0;
 175   4              rec_bit_cnt=0;
 176   4              syn_ok=0; 
 177   4              temp_code1=0; 
 178   4              temp_code2=0; 
 179   4              temp_code3=0; 
 180   4              
 181   4              high_width_cnt=0;  
 182   4              low_width_cnt=0;
 183   4              key_value = 0;   //2023.2.27
 184   4            }                  
 185   3            low_width_cnt=0;
 186   3            high_width_cnt=0;
 187   3          }          
 188   2          high_width_cnt++;  //јЗВјёЯөзЖҪКұјд
 189   2          old_bit=1;      
 190   2        }
 191   1      
 192   1        if(rf_ok_first)      //ФЪ№ж¶ЁөДКұјдДЪҪУКХөҪ2ҙОПаН¬өДұаВлКэҫЭІЕУРР§
 193   1        {       
 194   2          s_tim--;
 195   2          if(!s_tim) rf_ok_first=0;
 196   2          if(temp_code1==first_code1&&temp_code2==first_code2)
 197   2          key_value = first_code3;
 198   2          if(rf_ok_second)
 199   2          {
 200   3            if((first_code1==second_code1)&&(first_code2==second_code2)&&(first_code3==second_code3))//ұИҪПБҪҙОК
             -ХөҪөДКэҫЭКЗ·сТ»ЦВ
 201   3            {
 202   4              rf_ok=1;
 203   4              rf_ok_first=0;
 204   4              rf_ok_second=0;
 205   4            }    
 206   3            else if((match_first_code1==second_code1)&&(match_first_code2==second_code2)&&(first_code3==second_c
             -ode3))//КХөҪЖдЛыТЈҝШЖчөДКэҫЭ
 207   3            {
 208   4              rf_ok=1;
 209   4              rf_ok_first=0;
 210   4              rf_ok_second=0;                                         
 211   4            }
 212   3            else 
 213   3            {
 214   4              rf_ok=0;
 215   4              rf_ok_first=0;
 216   4              rf_ok_second=0;                                          
 217   4            }                              
 218   3          }                                       
 219   2        }    
 220   1        if(rf_ok)                 
 221   1        {         
 222   2          EA = 0; 
 223   2          rf_ok=0;
 224   2      
 225   2          if((first_code1==second_code1)&&(first_code2==second_code2)&&(first_code3==second_code3)){
 226   3            if((ee_param.key_add1 == 0)&&(ee_param.key_add2 == 0)) //ТЈҝШ¶ФВл
 227   3              {
C51 COMPILER V9.60.0.0   DECODE                                                            09/16/2025 17:25:25 PAGE 5   

 228   4                ee_param.key_add1 = first_code1;
 229   4                ee_param.key_add2 = first_code2;  
 230   4              }
 231   3              
 232   3      //        key_value = first_code3;
 233   3              
 234   3              if(short_long_keytime<3)
 235   3                short_long_keytime++;
 236   3          }
 237   2          else if((match_first_code1==second_code1)&&(match_first_code2==second_code2)&&(first_code3==second_cod
             -e3)){//КХөҪЖдЛыТЈҝШЖчөД¶ФВлІЩЧч
 238   3              match_key_value = first_code3;
 239   3          }
 240   2          
 241   2          temp_code3 = 0;
 242   2          first_code3 = 0;   //°ҙјьВлИЎіцәуЗе0Ј¬Г»УРјьВлКЗ0Ј¬ЛщТФҝЙЗе0
 243   2                                             
 244   2          EA = 1; 
 245   2        }
 246   1      }
 247          


MODULE INFORMATION:   STATIC OVERLAYABLE
   CODE SIZE        =   1161    ----
   CONSTANT SIZE    =   ----    ----
   XDATA SIZE       =     22    ----
   PDATA SIZE       =   ----    ----
   DATA SIZE        =   ----    ----
   IDATA SIZE       =   ----    ----
   BIT SIZE         =      5    ----
END OF MODULE INFORMATION.


C51 COMPILATION COMPLETE.  0 WARNING(S),  0 ERROR(S)
