C51 COMPILER V9.60.0.0   MAIN                                                              09/16/2025 17:25:24 PAGE 1   


C51 COMPILER V9.60.0.0, COMPILATION OF MODULE MAIN
OBJECT MODULE PLACED IN .\Output\main.obj
COMPILER INVOKED BY: D:\Software\Keil_V5\C51\C51\BIN\C51.EXE ..\user\main.c LARGE OPTIMIZE(7,SPEED) BROWSE INCDIR(..\Lib
                    -rary\Device\Include;..\Library\StdDriver\inc;..\user;..\driver;..\bsp;..\Include;..\common) DEBUG OBJECTEXTEND PRINT(.\L
                    -ST\main.lst) TABS(2) OBJECT(.\Output\main.obj)

line level    source

   1          /*
   2           * main.c
   3           *
   4           *  Created on: 2019Фъ11дТ28Ше
   5           *      Author: Administrator
   6           */
   7          //////////////////////////////////////////////////////////
   8          //
   9          //////////////////////////////////////////////////////////
  10          #include "common.h"
  11          #include "aip1628.h"
  12          #include "led_disp.h"
  13          #include "indecate.h"
  14          #include "keypad.h"
  15          #include "keypad_fun.h"
  16          #include "pwm_simple.h"
  17          #include "beep.h"
  18          #include "uart.h"
  19          #include "uart_frame.h"
  20          #include "treadmills.h"
  21          #include "param.h"
  22          #include "decode.h"
  23          #include "7_segment.h"
  24          
  25          
  26          u8 down_control=0;
  27          u16 no_key_cnt = 0; //ЮоАДМќМЦЪБ
  28          
  29          static bit poweron_send_flag = 0;
  30          
  31          extern UINT8  ms10_flag;
  32          extern UINT8  ms100_flag;
  33          extern UINT8  ms250_flag;
  34          extern UINT8  ms500_flag;
  35          extern UINT8  ms1000_flag;
  36          extern void Timer0_Init(void);
  37          
  38          void MODIFY_HIRC_166(void)
  39          {
  40   1        unsigned char data hircmap0,hircmap1;
  41   1        unsigned int trimvalue16bit;
  42   1        /* Check if power on reset, modify HIRC */
  43   1        if (PCON&SET_BIT4)
  44   1        {
  45   2          CKDIV = 0x00;
  46   2          set_IAPEN;
  47   2          IAPAL = 0x30;
  48   2          IAPAH = 0x00;
  49   2          IAPCN = READ_UID;
  50   2          set_IAPGO;
  51   2          hircmap0 = IAPFD;
  52   2          IAPAL = 0x31;
  53   2          IAPAH = 0x00;
C51 COMPILER V9.60.0.0   MAIN                                                              09/16/2025 17:25:24 PAGE 2   

  54   2          set_IAPGO;
  55   2          hircmap1 = IAPFD;
  56   2          clr_IAPEN;
  57   2          trimvalue16bit = ((hircmap0<<1)+(hircmap1&0x01));
  58   2          trimvalue16bit = trimvalue16bit - 15;
  59   2          hircmap1 = trimvalue16bit&0x01;
  60   2          hircmap0 = trimvalue16bit>>1;
  61   2          TA=0XAA;
  62   2          TA=0X55;
  63   2          RCTRIM0 = hircmap0;
  64   2          TA=0XAA;
  65   2          TA=0X55;
  66   2          RCTRIM1 = hircmap1;
  67   2      
  68   2      
  69   2          //CKDIV = 0x50;         //HIRC devider 160
  70   2          //set_CLOEN;            //Check HIRC out wavefrom to confirm the HIRC modified
  71   2          /* Clear power on flag */
  72   2          PCON &= CLR_BIT4;
  73   2        }
  74   1      }
  75          
  76          
  77          void send_default_param(void)
  78          {
  79   1        u8 i=0;
  80   1        
  81   1        treadmills.param.speed_step = DEFAULT_SPEED_STEP;//50;
  82   1        treadmills.param.speed_max = DEFAULT_SPEED_MAX;//600;
  83   1        treadmills.param.voltage_max = DEFAULT_VOLTAGE_MAX;//90;
  84   1        treadmills.param.voltage_min = DEFAULT_VOLTAGE_MIN;//15;
  85   1        treadmills.param.over_current_max = DEFAULT_OVER_CURRENT_MAX;//120;
  86   1      
  87   1        treadmills.param.kiv[0] = DEFAULT_SET_KIV_1KM_VALUE;//20;
  88   1        treadmills.param.kiv[1] = DEFAULT_SET_KIV_2KM_VALUE;//20;
  89   1        treadmills.param.kiv[2] = DEFAULT_SET_KIV_3KM_VALUE;//15;
  90   1        treadmills.param.kiv[3] = DEFAULT_SET_KIV_4KM_VALUE;//10;
  91   1        treadmills.param.kiv[4] = DEFAULT_SET_KIV_5KM_VALUE;//8;
  92   1        treadmills.param.kiv[5] = DEFAULT_SET_KIV_6KM_VALUE;//8;
  93   1        treadmills.param.kiv[6] = DEFAULT_SET_KIV_7KM_VALUE;//6;
  94   1        treadmills.param.kiv[7] = DEFAULT_SET_KIV_8KM_VALUE;//6;
  95   1        treadmills.param.kiv[8] = DEFAULT_SET_KIV_9KM_VALUE;//6;
  96   1        treadmills.param.kiv[9] = DEFAULT_SET_KIV_10KM_VALUE;//6;
  97   1        treadmills.param.kiv[10] = DEFAULT_SET_KIV_11KM_VALUE;//6;
  98   1        treadmills.param.kiv[11] = DEFAULT_SET_KIV_12KM_VALUE;//6;
  99   1        
 100   1        //****************ЩЯЕчОЭЗЂЫЭ*************  
 101   1        for(i = 0; i< 100;i++)
 102   1        {
 103   2          NOP_15();
 104   2        }
 105   1      
 106   1        uart1_frame_tx(CMD_TREADMILLS_SPEED_MAX,treadmills.param.speed_max/10);  //КѓУцЕФЩшжУВЮЪ§ЗЂЫЭЕФЪБКђЛсАбЧ
             -АУцЕФвЛЭЌЗЂЫЭИјЯТПи
 107   1        uart1_frame_tx(CMD_VOLTAGE_MAX,treadmills.param.voltage_max);
 108   1        uart1_frame_tx(CMD_VOLTAGE_MIN,treadmills.param.voltage_min); 
 109   1        uart1_frame_tx(CMD_OVER_CURRENT_MAX,treadmills.param.over_current_max);  
 110   1      
 111   1        for( i = 16; i < 28; i++)        //16 = CMD_KIV_1KMЃЌ 27 = CMD_KIV_12KM;
 112   1        {
 113   2          uart1_frame_tx(i ,treadmills.param.kiv[i-16]); 
 114   2        }
C51 COMPILER V9.60.0.0   MAIN                                                              09/16/2025 17:25:24 PAGE 3   

 115   1      }
 116          
 117          extern u8 uart_time_error;
 118          bit poweron_flag = 1; 
 119          /*********************************************************************************************************
             -***
 120          *    Main function
 121          **********************************************************************************************************
             -**/
 122          void main (void)
 123          {
 124   1        u8 i = 0;
 125   1        static u8 send_cnt = 0;
 126   1        static u8 poweron_cnt = 0;
 127   1        
 128   1        NOP_15();
 129   1        MODIFY_HIRC_166();
 130   1        Set_All_GPIO_Quasi_Mode;
 131   1      
 132   1        /*
 133   1         * зМЫЋЯђ:     PxM1=0 PxM2=0
 134   1         * ЭЦЭь:       PxM1=0 PxM2=1
 135   1         * ИпзшПЙЪфШы:  PxM1=1 PxM2=0
 136   1         * ПЊТЉ:       PxM1=1 PxM2=1
 137   1         *
 138   1         */
 139   1        P0M1 =(1<<0) |(1<<1) |(0<<2) |(1<<3) |(1<<4) |(0<<5) |(0<<6) |(0<<7);
 140   1        P0M2 =(0<<0) |(0<<1) |(0<<2) |(0<<3) |(0<<4) |(1<<5) |(0<<6) |(0<<7);
 141   1      
 142   1        P1M1 =(1<<0) |(0<<1) |(0<<2) |(0<<3) |(0<<4) |(0<<5) |(0<<6) |(1<<7);
 143   1        P1M2 =(0<<0) |(0<<1) |(0<<2) |(0<<3) |(1<<4) |(0<<5) |(0<<6) |(0<<7);
 144   1      
 145   1        P3M1 =(1<<0);
 146   1        P3M2 =(0<<0);
 147   1        
 148   1        key_mask=0x00;//НћжЙЫљгаАДМќ
 149   1       
 150   1        RF433M_Init();          //433ФЃПщв§НХГѕЪМЛЏ 
 151   1        led_display_init();
 152   1        aip1628_init();
 153   1        pwm_init();
 154   1        uart_init();
 155   1        Timer0_Init();
 156   1        uart_frame_init();
 157   1      
 158   1        treadmills_init();
 159   1        param_init();
 160   1        ee_param_init();
 161   1        
 162   1      //  treadmills.status=STATUS_POWERON;  
 163   1        poweron_send_flag = 1;
 164   1        set_EA;       //ПЊзмжаЖЯ
 165   1      
 166   1        beep_set(1,DEFAULT_ON_TICKS,DEFAULT_OFF_TICKS);
 167   1      
 168   1      
 169   1        while(1)
 170   1        {
 171   2          uart1_frame_loop();
 172   2      
 173   2          //10ms жмЦкДІРэГЬађ
 174   2          if(ms10_flag)
C51 COMPILER V9.60.0.0   MAIN                                                              09/16/2025 17:25:24 PAGE 4   

 175   2          {
 176   3            ms10_flag=0;
 177   3            KeyPad_Scan();
 178   3            beep_sound_proc();
 179   3            boot_time();
 180   3          }
 181   2          
 182   2           //100ms жмЦкДІРэГЬађ
 183   2            if(ms100_flag)
 184   2            {
 185   3              ms100_flag=0;
 186   3              seg_disp_proc();
 187   3              treadmills_disp_loop();
 188   3              treadmills_proc_loop();
 189   3            }
 190   2            
 191   2            //250ms жмЦкДІРэГЬађ
 192   2            if(ms250_flag)
 193   2            {
 194   3              ms250_flag=0;  
 195   3              communication_checkout();
 196   3              if(poweron_send_flag == 1)
 197   3              {
 198   4                send_cnt++;
 199   4                if( send_cnt >= 3)
 200   4                {
 201   5                  send_default_param();
 202   5                  send_cnt = 0;
 203   5                  poweron_send_flag = 0;              
 204   5                }          
 205   4              } 
 206   3            }
 207   2            
 208   2            //500ms жмЦкДІРэГЬађ
 209   2            if(ms500_flag)
 210   2            {
 211   3              ms500_flag=0;
 212   3              
 213   3              if(poweron_flag == 1)
 214   3                {
 215   4                  key_mask = 0x00; 
 216   4                  poweron_cnt++;
 217   4                  if(poweron_cnt == 1)                        //ШЋСС2УыКѓЯдЪОАцБОКХ
 218   4                  {
 219   5                    set_bit_seg(0,SEG_U);               //ЯдЪОU
 220   5                    set_bit_seg(1,NUM_1);     //АцБОКХИпЮЛ
 221   5                    set_bit_seg(2,NUM_2);     //АцБОКХЕЭЮЛ
 222   5                    set_bit_seg(3,SEG_ALL_OFF);               //ЧПжЦЙиБеЯдЪО
 223   5                    set_dp1();                 //decimal point     
 224   5                  }            
 225   4                
 226   4                  if(poweron_cnt == 3)                        //ШЋСС2УыКѓЯдЪОАцБОКХ
 227   4                  {
 228   5                    set_bit_seg(0,SEG_C);               
 229   5                    set_bit_seg(1,seg_num[down_control / 10]);      //АцБОКХИпЮЛ
 230   5                    set_bit_seg(2,seg_num[down_control % 10]);      //АцБОКХЕЭЮЛ
 231   5                    set_bit_seg(3,SEG_ALL_OFF);               //ЧПжЦЙиБеЯдЪО
 232   5                    set_dp1();                 //decimal point
 233   5                  }
 234   4                  
 235   4                  if(poweron_cnt == 5)   //ШЋСС2УыКѓЯдЪОАцБОКХ
 236   4                  {
C51 COMPILER V9.60.0.0   MAIN                                                              09/16/2025 17:25:24 PAGE 5   

 237   5                     //ЩЯЕчШЋСС
 238   5                     treadmills.status=STATUS_FULL_DISPLAY;             
 239   5                  }
 240   4                  if(poweron_cnt == 7)   //ШЋСС2УыКѓЯдЪОАцБОКХ
 241   4                  {
 242   5                    treadmills.status=STATUS_POWERON; 
 243   5                    poweron_flag = 0;
 244   5                    poweron_cnt = 0;
 245   5                  }
 246   4                }
 247   3                if(poweron_flag == 0)
 248   3                  {
 249   4                    key_mask=0xff;
 250   4                  }
 251   3                   
 252   3                if(treadmills.status!=STATUS_RUNNING)
 253   3                   {
 254   4                      no_key_cnt++;
 255   4                      if(no_key_cnt == 1200)   //Д§ЛњЪБМф
 256   4                        {                   
 257   5                          set_seg_mode(SEG_MODE_NORMAL);
 258   5                          treadmills.status = STATUS_SLEEP_MODE;
 259   5                          no_key_cnt=0;
 260   5                        }
 261   4                    }
 262   3              }
 263   2      
 264   2            //1УыжмЦк ДІРэГЬађ
 265   2            if(ms1000_flag)
 266   2            {
 267   3              ms1000_flag=0;
 268   3              treadmills_param_calc();
 269   3              
 270   3              uart_time_error++;
 271   3              if(uart_time_error>5&&poweron_flag==0)
 272   3                {
 273   4                  treadmills.error_code=ERROR_06;
 274   4                  treadmills.status=STATUS_ERROR;
 275   4                }
 276   3            }
 277   2          // led update
 278   2          disp_update();
 279   2        }
 280   1      }


MODULE INFORMATION:   STATIC OVERLAYABLE
   CODE SIZE        =    902    ----
   CONSTANT SIZE    =   ----    ----
   XDATA SIZE       =      5       2
   PDATA SIZE       =   ----    ----
   DATA SIZE        =   ----       2
   IDATA SIZE       =   ----    ----
   BIT SIZE         =      2    ----
END OF MODULE INFORMATION.


C51 COMPILATION COMPLETE.  0 WARNING(S),  0 ERROR(S)
