C51 COMPILER V9.60.0.0   PROGRAME                                                          09/16/2025 17:25:25 PAGE 1   


C51 COMPILER V9.60.0.0, COMPILATION OF MODULE PROGRAME
OBJECT MODULE PLACED IN .\Output\programe.obj
COMPILER INVOKED BY: D:\Software\Keil_V5\C51\C51\BIN\C51.EXE ..\user\programe.c LARGE OPTIMIZE(7,SPEED) BROWSE INCDIR(..
                    -\Library\Device\Include;..\Library\StdDriver\inc;..\user;..\driver;..\bsp;..\Include;..\common) DEBUG OBJECTEXTEND PRINT
                    -(.\LST\programe.lst) TABS(2) OBJECT(.\Output\programe.obj)

line level    source

   1          /*
   2           * programe.c  넋埼
   3           *
   4           *  Created on: 2021쾨4墩29휑
   5           *      Author: Administrator
   6           */
   7          #include "common.h"
   8          #include "programe.h"
   9          
  10          programe_t  programe;
  11          
  12          //const prog_tab_t  prog_tab[]=
  13          //{
  14          //  {10,10,42,42,60,60,60,60,60,60,60,60,60,60,60,60,42,42,10,10},    //넋埼1
  15          //  {10,42,60,60,60,60,60,60,42,10,10,42,60,18,18,18,18,60,42,10},    //넋埼2
  16          //  {10,10,10,42,42,42,60,60,60,18,18,18,34,34,34,34,18,60,42,10},    //넋埼3
  17          //  {10,60,34,60,34,60,10,10,60,34,60,34,60,10,10,60,34,60,34,60},    //넋埼4
  18          //  {10,42,60,34,60,60,60,34,60,60,60,34,60,60,60,34,60,60,42,10},    //넋埼5
  19          //  {10,42,60,18,34,60,60,60,60,60,60,34,34,18,18,60,60,42,42,10},    //넋埼6
  20          //  {10,60,34,18,60,34,60,60,18,60,60,60,60,18,60,34,60,60,18,10},    //넋埼7
  21          //  {10,42,18,34,18,60,18,60,18,60,60,18,60,18,60,18,34,18,42,10},    //넋埼8
  22          //  {10,18,42,60,60,60,18,60,34,60,60,34,60,18,60,60,60,42,18,10},    //넋埼9 
  23          //  {10,60,42,60,60,18,60,60,60,18,60,60,60,60,34,60,34,42,18,10},    //넋埼10
  24          //  {10,60,60,60,60,60,18,60,60,60,60,60,60,18,60,60,60,60,60,10},    //넋埼11
  25          //  {42,42,18,60,42,18,60,60,60,18,60,34,60,60,60,18,34,60,18,10}     //넋埼12
  26          //    
  27          ////  {10,10,46,46,61,61,61,61,61,61,61,61,61,61,61,61,46,46,10,10},    //넋埼1
  28          ////  {10,46,61,61,61,61,61,61,46,10,10,46,61,19,19,19,19,61,46,10},    //넋埼2
  29          ////  {10,10,10,46,46,46,61,61,61,19,19,19,37,37,37,37,19,61,46,10},    //넋埼3
  30          ////  {10,61,37,61,37,61,10,10,61,37,61,37,61,10,10,61,37,61,37,61},    //넋埼4
  31          ////  {10,46,61,37,61,61,61,37,61,61,61,37,61,61,61,37,61,61,46,10},    //넋埼5
  32          ////  {10,46,61,19,37,61,61,61,61,61,61,37,37,19,19,61,61,46,46,10},    //넋埼6
  33          ////  {10,61,37,19,61,37,61,61,19,61,61,61,61,19,61,37,61,61,19,10},    //넋埼7
  34          ////  {10,46,19,37,19,61,19,61,19,61,61,19,61,19,61,19,37,19,46,10},    //넋埼8
  35          ////  {10,19,46,61,61,61,19,61,37,61,61,37,61,19,61,61,61,46,19,10},    //넋埼9 
  36          ////  {10,61,46,61,61,19,61,61,61,19,61,61,61,61,37,61,37,46,19,10},    //넋埼10
  37          ////  {10,61,61,61,61,61,19,61,61,61,61,61,61,19,61,61,61,61,61,10},    //넋埼11
  38          ////  {46,46,19,61,46,19,61,61,61,19,61,37,61,61,61,19,37,61,19,10}     //넋埼12
  39          //};
  40          
  41          
  42          void programe_init(void)
  43          {
  44   1        programe.index=0;          //乞多
  45   1        programe.item=0;           //係커
  46   1        programe.total_time=1800;  //悧珂쇌 20*90-30min
  47   1        programe.interval_time=0;  //쇌몰珂쇌 1min
  48   1      }


MODULE INFORMATION:   STATIC OVERLAYABLE
   CODE SIZE        =     18    ----
   CONSTANT SIZE    =   ----    ----
C51 COMPILER V9.60.0.0   PROGRAME                                                          09/16/2025 17:25:25 PAGE 2   

   XDATA SIZE       =      5    ----
   PDATA SIZE       =   ----    ----
   DATA SIZE        =   ----    ----
   IDATA SIZE       =   ----    ----
   BIT SIZE         =   ----    ----
END OF MODULE INFORMATION.


C51 COMPILATION COMPLETE.  0 WARNING(S),  0 ERROR(S)
