C51 COMPILER V9.60.0.0   UART                                                              09/16/2025 17:25:26 PAGE 1   


C51 COMPILER V9.60.0.0, COMPILATION OF MODULE UART
OBJECT MODULE PLACED IN .\Output\uart.obj
COMPILER INVOKED BY: D:\Software\Keil_V5\C51\C51\BIN\C51.EXE ..\bsp\uart.c LARGE OPTIMIZE(7,SPEED) BROWSE INCDIR(..\Libr
                    -ary\Device\Include;..\Library\StdDriver\inc;..\user;..\driver;..\bsp;..\Include;..\common) DEBUG OBJECTEXTEND PRINT(.\LS
                    -T\uart.lst) TABS(2) OBJECT(.\Output\uart.obj)

line level    source

   1          #include "common.h"
   2          #include "uart.h"
   3          #include "uart_frame.h"
   4          #include "queue.h"
   5          #include "treadmills.h"
   6          
   7          u8 uart_time_error;
   8          static u8 tx_flag=0;
   9          
  10          void uart_init(void)   //串口初始化
  11          {
  12   1        InitialUART1_Timer3(2400);
  13   1        //UART1优先级设置
  14   1      //  clr_PSH_1;  //等级1
  15   1      //  set_PS_1;
  16   1        //中断使能
  17   1        set_ES_1;       
  18   1      }
  19          
  20          
  21          //unsigned char Receive_Data(unsigned char UARTPort)
  22          //{
  23          //  UINT8 c;
  24          //  switch (UARTPort)
  25          //  {
  26          //    case UART0:
  27          //      while (!RI);
  28          //      c = SBUF;
  29          //      RI = 0;
  30          //      break;
  31          //    case UART1:
  32          //      while (!RI_1);
  33          //      c = SBUF_1;
  34          //      RI_1 = 0;
  35          //      break;
  36          //  }
  37          //  return (c);
  38          //}
  39          
  40          void UART_Send_Data(UINT8 UARTPort, UINT8 c)
  41          {
  42   1        u32 timeout=0xffff;
  43   1        switch (UARTPort)
  44   1        {
  45   2          case UART0:
  46   2            TI = 0;
  47   2            SBUF = c;
  48   2            while(TI==0);
  49   2            break;
  50   2          case UART1:
  51   2            tx_flag=1;
  52   2            SBUF_1 = c;
  53   2            while(tx_flag==1)
C51 COMPILER V9.60.0.0   UART                                                              09/16/2025 17:25:26 PAGE 2   

  54   2            {
  55   3              if(timeout){timeout--;}
  56   3              else{break;}
  57   3            }
  58   2            break;
  59   2        }
  60   1      }
  61          
  62          
  63          void UART_Send_Value(UINT8 UARTPort, UINT16 val)
  64          {
  65   1        UART_Send_Data(UARTPort,(val/10000)+0x30);
  66   1        UART_Send_Data(UARTPort,((val%10000)/1000)+0x30);
  67   1        UART_Send_Data(UARTPort,((val%1000)/100)+0x30);
  68   1        UART_Send_Data(UARTPort,((val%100)/10)+0x30);
  69   1        UART_Send_Data(UARTPort,(val%10)+0x30);
  70   1      }
  71          
  72          
  73          void UART_Send_Buf(UINT8 UARTPort, UINT8 *ptr,UINT8 len) 
  74          {
  75   1        u8 i;
  76   1        switch (UARTPort)
  77   1        {
  78   2          case UART0:
  79   2            for(i=0;i<len;i++)
  80   2            {
  81   3      //        busy = 1;
  82   3              SBUF = ptr[i];
  83   3      //        while (busy);
  84   3            }
  85   2            break;
  86   2          case UART1:
  87   2            for(;len>0;len--)
  88   2            {
  89   3              UART_Send_Data(UART1,*ptr);
  90   3              ptr++;
  91   3            }
  92   2            break;
  93   2        }
  94   1      }
  95          
  96          void UART1_ISR(void) interrupt 15         //下控通讯
  97          { 
  98   1        u8 dat;
  99   1        if (RI_1==1) 
 100   1        {                                       /* if reception occur */
 101   2          clr_RI_1;                             /* clear reception flag for next reception SBUF_1 */
 102   2          dat = SBUF_1;
 103   2          uart_time_error=0;
 104   2          UART1_Enter_queue(&UART1_rx_queue,dat);
 105   2        }
 106   1        if(TI_1==1)
 107   1        {
 108   2          tx_flag=0;
 109   2          clr_TI_1;                             /* if emission occur */
 110   2        }  
 111   1      }


MODULE INFORMATION:   STATIC OVERLAYABLE
   CODE SIZE        =    495    ----
C51 COMPILER V9.60.0.0   UART                                                              09/16/2025 17:25:26 PAGE 3   

   CONSTANT SIZE    =   ----    ----
   XDATA SIZE       =      2      12
   PDATA SIZE       =   ----    ----
   DATA SIZE        =   ----    ----
   IDATA SIZE       =   ----    ----
   BIT SIZE         =   ----    ----
END OF MODULE INFORMATION.


C51 COMPILATION COMPLETE.  0 WARNING(S),  0 ERROR(S)
