C51 COMPILER V9.60.0.0   MAIN                                                              11/06/2025 09:07:48 PAGE 1   


C51 COMPILER V9.60.0.0, COMPILATION OF MODULE MAIN
OBJECT MODULE PLACED IN .\Output\main.obj
COMPILER INVOKED BY: D:\Software\Keil_V5\C51\C51\BIN\C51.EXE ..\user\main.c LARGE OPTIMIZE(7,SPEED) BROWSE INCDIR(..\Lib
                    -rary\Device\Include;..\Library\StdDriver\inc;..\user;..\driver;..\bsp;..\Include;..\common) DEBUG OBJECTEXTEND PRINT(.\L
                    -ST\main.lst) TABS(2) OBJECT(.\Output\main.obj)

line level    source

   1          /*
   2           * main.c
   3           *
   4           *  Created on: 2019Фъ11дТ28Ше
   5           *      Author: Administrator
   6           */
   7          //////////////////////////////////////////////////////////
   8          //
   9          //////////////////////////////////////////////////////////
  10          #include "common.h"
  11          #include "aip1628.h"
  12          #include "led_disp.h"
  13          #include "indecate.h"
  14          #include "keypad.h"
  15          #include "keypad_fun.h"
  16          #include "pwm_simple.h"
  17          #include "beep.h"
  18          #include "uart.h"
  19          #include "uart_frame.h"
  20          #include "treadmills.h"
  21          #include "param.h"
  22          #include "decode.h"
  23          #include "7_segment.h"
  24          
  25          
  26          u8 down_control=0;
  27          u16 no_key_cnt = 0; //ЮоАДМќМЦЪБ
  28          
  29          static bit poweron_send_flag = 0;
  30          
  31          extern UINT8  ms10_flag;
  32          extern UINT8  ms100_flag;
  33          extern UINT8  ms250_flag;
  34          extern UINT8  ms500_flag;
  35          extern UINT8  ms1000_flag;
  36          extern void Timer0_Init(void);
  37          
  38          void MODIFY_HIRC_166(void)
  39          {
  40   1        unsigned char data hircmap0,hircmap1;
  41   1        unsigned int trimvalue16bit;
  42   1        /* Check if power on reset, modify HIRC */
  43   1        if (PCON&SET_BIT4)
  44   1        {
  45   2          CKDIV = 0x00;
  46   2          set_IAPEN;
  47   2          IAPAL = 0x30;
  48   2          IAPAH = 0x00;
  49   2          IAPCN = READ_UID;
  50   2          set_IAPGO;
  51   2          hircmap0 = IAPFD;
  52   2          IAPAL = 0x31;
  53   2          IAPAH = 0x00;
C51 COMPILER V9.60.0.0   MAIN                                                              11/06/2025 09:07:48 PAGE 2   

  54   2          set_IAPGO;
  55   2          hircmap1 = IAPFD;
  56   2          clr_IAPEN;
  57   2          trimvalue16bit = ((hircmap0<<1)+(hircmap1&0x01));
  58   2          trimvalue16bit = trimvalue16bit - 15;
  59   2          hircmap1 = trimvalue16bit&0x01;
  60   2          hircmap0 = trimvalue16bit>>1;
  61   2          TA=0XAA;
  62   2          TA=0X55;
  63   2          RCTRIM0 = hircmap0;
  64   2          TA=0XAA;
  65   2          TA=0X55;
  66   2          RCTRIM1 = hircmap1;
  67   2      
  68   2      
  69   2          //CKDIV = 0x50;         //HIRC devider 160
  70   2          //set_CLOEN;            //Check HIRC out wavefrom to confirm the HIRC modified
  71   2          /* Clear power on flag */
  72   2          PCON &= CLR_BIT4;
  73   2        }
  74   1      }
  75          
  76          
  77          void send_default_param(void)
  78          {
  79   1        u8 i=0;
  80   1        treadmills.param.speed_step = DEFAULT_SPEED_STEP;//10;
  81   1        treadmills.param.speed_max = DEFAULT_SPEED_MAX;//800;
  82   1        treadmills.param.voltage_max = DEFAULT_VOLTAGE_MAX;//174;
  83   1        treadmills.param.voltage_min = DEFAULT_VOLTAGE_MIN;//43;
  84   1        treadmills.param.over_current_max = DEFAULT_OVER_CURRENT_MAX;//120;
  85   1        
  86   1        treadmills.param.kiv[0] = DEFAULT_SET_KIV_1KM_VALUE;//20;
  87   1        treadmills.param.kiv[1] = DEFAULT_SET_KIV_2KM_VALUE;//20;
  88   1        treadmills.param.kiv[2] = DEFAULT_SET_KIV_3KM_VALUE;//15;
  89   1        treadmills.param.kiv[3] = DEFAULT_SET_KIV_4KM_VALUE;//10;
  90   1        treadmills.param.kiv[4] = DEFAULT_SET_KIV_5KM_VALUE;//8;
  91   1        treadmills.param.kiv[5] = DEFAULT_SET_KIV_6KM_VALUE;//8;
  92   1        treadmills.param.kiv[6] = DEFAULT_SET_KIV_7KM_VALUE;//6;
  93   1        treadmills.param.kiv[7] = DEFAULT_SET_KIV_8KM_VALUE;//6;
  94   1        treadmills.param.kiv[8] = DEFAULT_SET_KIV_9KM_VALUE;//6;
  95   1        treadmills.param.kiv[9] = DEFAULT_SET_KIV_10KM_VALUE;//6;
  96   1        treadmills.param.kiv[10] = DEFAULT_SET_KIV_11KM_VALUE;//6;
  97   1        treadmills.param.kiv[11] = DEFAULT_SET_KIV_12KM_VALUE;//6;
  98   1        
  99   1        //****************ЩЯЕчОЭЗЂЫЭ*************
 100   1        for(i = 0; i< 100;i++)
 101   1        {
 102   2          NOP_15();
 103   2        }
 104   1        uart1_frame_tx(CMD_STATUS,STATUS_MOTOR_STOP);
 105   1        uart1_frame_tx(CMD_STATUS,STATUS_MOTOR_STOP);
 106   1        uart1_frame_tx(CMD_TREADMILLS_SPEED_MAX,treadmills.param.speed_max/10);//КѓУцЕФЩшжУВЮЪ§ЗЂЫЭЕФЪБКђЛсАбЧАУ
             -цЕФвЛЭЌЗЂЫЭИјЯТПи
 107   1        uart1_frame_tx(CMD_VOLTAGE_MAX,treadmills.param.voltage_max);
 108   1        uart1_frame_tx(CMD_VOLTAGE_MIN,treadmills.param.voltage_min);
 109   1        uart1_frame_tx(CMD_OVER_CURRENT_MAX,treadmills.param.over_current_max);
 110   1        uart1_frame_tx(CMD_OVER_VALTAGE_MAX,240);
 111   1        uart1_frame_tx(CMD_STA_LEVEL,5);          //value chose betwen 1~5 , the higher the level , the faster the sta
             -rting speed
 112   1        uart1_frame_tx(CMD_END_LEVEL,25);         //VALUE CHOSE BETWEN 2~25 , the higher the level , the faster the e
             -nding   speed
C51 COMPILER V9.60.0.0   MAIN                                                              11/06/2025 09:07:48 PAGE 3   

 113   1        uart1_frame_tx(CMD_Accelerated_LEVEL,5);
 114   1        uart1_frame_tx(CMD_deceleration_LEVEL,5);
 115   1      
 116   1        for( i = 16; i < 28; i++)        //16 = CMD_KIV_1KMЃЌ 27 = CMD_KIV_12KM;
 117   1        {
 118   2          uart1_frame_tx(i ,treadmills.param.kiv[i-16]); 
 119   2        }
 120   1      }
 121          
 122          extern u8 uart_time_error;
 123          bit poweron_flag = 1; 
 124          /*********************************************************************************************************
             -***
 125          *    Main function
 126          **********************************************************************************************************
             -**/
 127          void main (void)
 128          {
 129   1        u8 i = 0;
 130   1        static u8 send_cnt = 0;
 131   1        static u8 poweron_cnt = 0;
 132   1        
 133   1        NOP_15();
 134   1        MODIFY_HIRC_166();
 135   1        Set_All_GPIO_Quasi_Mode;
 136   1      
 137   1        /*
 138   1         * зМЫЋЯђ:     PxM1=0 PxM2=0
 139   1         * ЭЦЭь:       PxM1=0 PxM2=1
 140   1         * ИпзшПЙЪфШы:  PxM1=1 PxM2=0
 141   1         * ПЊТЉ:       PxM1=1 PxM2=1
 142   1         *
 143   1         */
 144   1        P0M1 =(1<<0) |(1<<1) |(0<<2) |(1<<3) |(1<<4) |(0<<5) |(0<<6) |(1<<7);
 145   1        P0M2 =(0<<0) |(0<<1) |(0<<2) |(0<<3) |(0<<4) |(1<<5) |(0<<6) |(0<<7);
 146   1      
 147   1        P1M1 =(1<<0) |(0<<1) |(0<<2) |(0<<3) |(0<<4) |(0<<5) |(0<<6) |(1<<7);
 148   1        P1M2 =(0<<0) |(0<<1) |(0<<2) |(0<<3) |(1<<4) |(0<<5) |(0<<6) |(0<<7);
 149   1      
 150   1        P3M1 =(1<<0);
 151   1        P3M2 =(0<<0);
 152   1        
 153   1        key_mask=0x00;//НћжЙЫљгаАДМќ
 154   1       
 155   1        RF433M_Init();          //433ФЃПщв§НХГѕЪМЛЏ 
 156   1        led_display_init();
 157   1        aip1628_init();
 158   1        pwm_init();
 159   1        uart_init();
 160   1        Timer0_Init();
 161   1        uart_frame_init();
 162   1      
 163   1        treadmills_init();
 164   1        param_init();
 165   1        ee_param_init();
 166   1        
 167   1      //  treadmills.status=STATUS_POWERON;  
 168   1        poweron_send_flag = 1;
 169   1        set_EA;       //ПЊзмжаЖЯ
 170   1      
 171   1        beep_set(1,DEFAULT_ON_TICKS,DEFAULT_OFF_TICKS);
 172   1      
C51 COMPILER V9.60.0.0   MAIN                                                              11/06/2025 09:07:48 PAGE 4   

 173   1      
 174   1        while(1)
 175   1        {
 176   2          uart0_frame_loop();
 177   2          uart1_frame_loop();    
 178   2      
 179   2          //10ms жмЦкДІРэГЬађ
 180   2          if(ms10_flag)
 181   2          {       
 182   3            ms10_flag=0;
 183   3            KeyPad_Scan();
 184   3            beep_sound_proc();
 185   3            boot_time();
 186   3          }
 187   2          
 188   2           //100ms жмЦкДІРэГЬађ
 189   2            if(ms100_flag)
 190   2            {
 191   3              ms100_flag=0;
 192   3              seg_disp_proc();
 193   3              treadmills_disp_loop();
 194   3              treadmills_proc_loop(); 
 195   3            }
 196   2            
 197   2            //250ms жмЦкДІРэГЬађ
 198   2            if(ms250_flag)
 199   2            {
 200   3              ms250_flag=0;  
 201   3              communication_checkout(); 
 202   3      
 203   3              if(poweron_send_flag == 1)
 204   3              {
 205   4                send_cnt++;
 206   4                if( send_cnt >= 3)
 207   4                {
 208   5                  send_default_param();
 209   5                  send_cnt = 0;
 210   5                  poweron_send_flag = 0;              
 211   5                }          
 212   4              } 
 213   3            }
 214   2            
 215   2            //500ms жмЦкДІРэГЬађ
 216   2            if(ms500_flag)
 217   2            {
 218   3              ms500_flag=0;
 219   3              if(poweron_flag == 1)
 220   3                {
 221   4                  key_mask = 0x00; 
 222   4                  poweron_cnt++;
 223   4                  if(poweron_cnt == 1)                        //ШЋСС2УыКѓЯдЪОАцБОКХ
 224   4                  {
 225   5                    set_bit_seg(0,SEG_U);               //ЯдЪОU
 226   5                    set_bit_seg(1,NUM_1);     //АцБОКХИпЮЛ
 227   5                    set_bit_seg(2,NUM_1);     //АцБОКХЕЭЮЛ
 228   5                    set_bit_seg(3,SEG_ALL_OFF);               //ЧПжЦЙиБеЯдЪО
 229   5                    set_dp1();                 //decimal point     
 230   5                  }            
 231   4                
 232   4                  if(poweron_cnt == 3)                        //ШЋСС2УыКѓЯдЪОАцБОКХ
 233   4                  {
 234   5                    set_bit_seg(0,SEG_C);               
C51 COMPILER V9.60.0.0   MAIN                                                              11/06/2025 09:07:48 PAGE 5   

 235   5                    set_bit_seg(1,seg_num[down_control / 10]);      //АцБОКХИпЮЛ
 236   5                    set_bit_seg(2,seg_num[down_control % 10]);      //АцБОКХЕЭЮЛ
 237   5                    set_bit_seg(3,SEG_ALL_OFF);               //ЧПжЦЙиБеЯдЪО
 238   5                    set_dp1();                 //decimal point
 239   5                  }
 240   4                  if(poweron_cnt == 5)   //ШЋСС2УыКѓЯдЪОАцБОКХ
 241   4                  {
 242   5                     //ЩЯЕчШЋСС
 243   5                     treadmills.status=STATUS_FULL_DISPLAY;             
 244   5                  }
 245   4                  if(poweron_cnt == 7)   //ШЋСС2УыКѓЯдЪОАцБОКХ
 246   4                  {
 247   5                    treadmills.status=STATUS_POWERON;   
 248   5                                
 249   5                    poweron_flag = 0;
 250   5                    poweron_cnt = 0;
 251   5                  }
 252   4                }
 253   3                if(poweron_flag == 0)
 254   3                  {
 255   4                    key_mask=0xff;
 256   4                  }
 257   3                   
 258   3                if(treadmills.status!=STATUS_RUNNING)
 259   3                   {
 260   4                      no_key_cnt++;
 261   4                      if(no_key_cnt == 1200)   //Д§ЛњЪБМф1200
 262   4                        {                   
 263   5                          set_seg_mode(SEG_MODE_NORMAL);
 264   5                          treadmills.status = STATUS_SLEEP_MODE;
 265   5                          no_key_cnt=0;
 266   5                        }
 267   4                    }
 268   3              }
 269   2      
 270   2            //1УыжмЦк ДІРэГЬађ
 271   2            if(ms1000_flag)
 272   2            {
 273   3              ms1000_flag=0;
 274   3              treadmills_param_calc();
 275   3      
 276   3              uart_time_error++;
 277   3              if(uart_time_error>5&&poweron_flag==0)
 278   3                {
 279   4                  treadmills.error_code=ERROR_06;
 280   4                  treadmills.status=STATUS_ERROR;
 281   4                }
 282   3            }
 283   2          // led update
 284   2          disp_update();
 285   2        }
 286   1      }


MODULE INFORMATION:   STATIC OVERLAYABLE
   CODE SIZE        =    954    ----
   CONSTANT SIZE    =   ----    ----
   XDATA SIZE       =      5       2
   PDATA SIZE       =   ----    ----
   DATA SIZE        =   ----       2
   IDATA SIZE       =   ----    ----
   BIT SIZE         =      2    ----
C51 COMPILER V9.60.0.0   MAIN                                                              11/06/2025 09:07:48 PAGE 6   

END OF MODULE INFORMATION.


C51 COMPILATION COMPLETE.  0 WARNING(S),  0 ERROR(S)
