C51 COMPILER V9.60.0.0   UART_FRAME                                                        11/06/2025 09:07:48 PAGE 1   


C51 COMPILER V9.60.0.0, COMPILATION OF MODULE UART_FRAME
OBJECT MODULE PLACED IN .\Output\uart_frame.obj
COMPILER INVOKED BY: D:\Software\Keil_V5\C51\C51\BIN\C51.EXE ..\user\uart_frame.c LARGE OPTIMIZE(7,SPEED) BROWSE INCDIR(
                    -..\Library\Device\Include;..\Library\StdDriver\inc;..\user;..\driver;..\bsp;..\Include;..\common) DEBUG OBJECTEXTEND PRI
                    -NT(.\LST\uart_frame.lst) TABS(2) OBJECT(.\Output\uart_frame.obj)

line level    source

   1          /*
   2           * uart_frame.c
   3           *
   4           *  Created on: 2019Фъ12дТ11Ше
   5           *      Author: Administrator
   6           */
   7          #include "common.h"
   8          #include "uart_frame.h"
   9          #include "queue.h"
  10          #include "treadmills.h"
  11          #include "param.h"
  12          #include "led_disp.h"
  13          #include "indecate.h"
  14          #include "beep.h"
  15          #include "uart.h"
  16          #include "cfg.h"
  17          #include "keypad.h"
  18          #include "keypad_fun.h"
  19          
  20          void UART1_cmd_proc(void);  //ЯТПиЭЈбЖНгЪежИСюДІРэ
  21          void UART0_cmd_proc(void);  //РЖбРФЃзщНгЪежИСюДІРэ
  22          void UART0_SetCmd_proc(void);
  23          void UART0_DataCmd_proc(void);
  24          
  25          T_QUEUE UART1_rx_queue;
  26          T_QUEUE UART0_rx_queue;
  27          
  28          u8 UART1_rx_buf[UART1_RX_BUFF_SIZE];
  29          u8 UART0_rx_buf[UART0_RX_BUFF_SIZE];
  30          
  31          uart_frame_t uart_frame;
  32          uart_frame_t uart_tx_frame;
  33          
  34          uart0_frame_t uart0_frame;
  35          uart0_frame_t uart0_tx_frame;
  36          
  37          void uart_frame_init(void)
  38          {
  39   1        Create_Queue(&UART1_rx_queue,&UART1_rx_buf[0],UART1_RX_BUFF_SIZE);    //ЕїгУCreate_QueueКЏЪ§ЃЌДДНЈвЛИіЖгС
             -а rx_queueЃЌВЂНЋ rx_buf Ъ§зщзїЮЊЖгСаЕФЛКГхЧјЃЌRX_BUFF_SIZE зїЮЊЖгСаЕФзюДѓШнСП
  40   1        Create_Queue(&UART0_rx_queue,&UART0_rx_buf[0],UART0_RX_BUFF_SIZE);
  41   1        
  42   1        //ЯТПиЭЈбЖ
  43   1        uart_frame.sof=START_OF_FRAME;    //(0X7F)
  44   1        uart_frame.eof=END_OF_FRAME;      //(0X7E)
  45   1        uart_tx_frame.sof=START_OF_FRAME;
  46   1        uart_tx_frame.eof=END_OF_FRAME;
  47   1        
  48   1        //РЖбРФЃПщЭЈбЖ
  49   1        uart0_frame.sof=0X02;             
  50   1        uart0_tx_frame.sof=0X02; 
  51   1      }
  52          
C51 COMPILER V9.60.0.0   UART_FRAME                                                        11/06/2025 09:07:48 PAGE 2   

  53          //ЯТПиЭЈбЖЗЂЫЭ
  54          void uart1_frame_tx(u8 cmd,u8 dat)
  55          {
  56   1        u8 xor=0;     //гУгкМЦЫуаЃбщКЭ
  57   1        uart_tx_frame.cmd=cmd;
  58   1        xor^=cmd;
  59   1        uart_tx_frame.len=1;
  60   1        xor^=1;
  61   1        uart_tx_frame.buf[0]=dat;
  62   1        xor^=dat;
  63   1        uart_tx_frame.buf[1]=xor;    //гУгкДцДЂаЃбщКЭ
  64   1        uart_tx_frame.crch=0;
  65   1        uart_tx_frame.crcl=END_OF_FRAME;
  66   1        UART_Send_Buf(UART1,(u8*)&uart_tx_frame,uart_tx_frame.len+6);  //ЕїгУUART_Send_BufКЏЪ§ЃЌНЋuart_tx_frameНс
             -ЙЙЬхЕФЕижЗзїЮЊВЮЪ§ЃЌвдМАuart_tx_frameЕФГЄЖШМгЩЯ 6ЃЈАќРЈЦ№ЪМжЁЁЂУќСюЁЂГЄЖШЁЂЪ§ОнЁЂаЃбщКЭКЭНсЪјжЁЃЉзїЮЊВЮЪ§ЃЌЗЂЫЭ UART Ъ§О
             -н
  67   1      }
  68          
  69          void uart1_frame_tx_2(u8 cmd,u8 dat0,u8 dat1)
  70          {
  71   1        u8 xor=0;      //гУгкМЦЫуаЃбщКЭ
  72   1        uart_tx_frame.cmd=cmd;
  73   1        xor^=cmd;
  74   1        uart_tx_frame.len=2;
  75   1        xor^=2;
  76   1        uart_tx_frame.buf[0]=dat0;
  77   1        xor^=dat0;
  78   1        uart_tx_frame.buf[1]=dat1;
  79   1        xor^=dat1;
  80   1        uart_tx_frame.crch=xor;    //гУгкДцДЂаЃбщКЭ
  81   1        uart_tx_frame.crcl=0;
  82   1        uart_tx_frame.eof=END_OF_FRAME;
  83   1        UART_Send_Buf(UART1,(u8*)&uart_tx_frame,uart_tx_frame.len+6);
  84   1      }
  85          
  86          
  87          //---------------------------------------------------------------
  88          //ЯТПиЭЈбЖНгЪежИСюДІРэ
  89          void uart1_frame_loop(void)  //ДгНгЪеЖгСажаЛёШЁ UART Ъ§Он
  90          {
  91   1         static u8 sm=0,len=0;
  92   1         static u8 *ptr;
  93   1         u8 dat;
  94   1         u8 ret;
  95   1         //ET0 = 0; //дЪаэжаЖЯ
  96   1         ret=Denter_queue(&UART1_rx_queue,&dat);
  97   1         //ET0 = 1; //дЪаэжаЖЯ
  98   1         if(ret)    //ret=1 ЖгСажагаЪ§ОнЃЌЪ§ОнГіЖгСаЃЌМДЗЂЫЭЪ§Он
  99   1         {
 100   2           if(dat==uart_frame.sof){sm=1;treadmills.ack=1;return;}
 101   2           switch(sm)
 102   2           {
 103   3           case 1:
 104   3             uart_frame.cmd=dat;
 105   3             sm=2;
 106   3             break;
 107   3           case 2:
 108   3             uart_frame.len=dat;
 109   3             if(uart_frame.len>2){sm=0;return;}
 110   3             len=0;
 111   3             ptr=&uart_frame.buf[0];
 112   3             sm=3;
C51 COMPILER V9.60.0.0   UART_FRAME                                                        11/06/2025 09:07:48 PAGE 3   

 113   3             break;
 114   3           case 3:
 115   3             ptr[len]=dat;
 116   3             len++;
 117   3             if(len>=(uart_frame.len+2)){sm=4;}
 118   3             break;
 119   3           case 4:
 120   3             if(dat==uart_frame.eof)
 121   3             {
 122   4               ptr=&uart_frame.cmd;
 123   4               dat=0;
 124   4               for(len=0;len<(uart_frame.len+2);len++)
 125   4               {
 126   5                dat^=ptr[len];
 127   5               }
 128   4               if(dat==ptr[len]){UART1_cmd_proc();}
 129   4             }
 130   3            sm=0;
 131   3             break;
 132   3           default:
 133   3             break;
 134   3           }
 135   2         }
 136   1      }
 137          
 138          
 139          //---------------------------------------------------------------
 140          extern u8 error_times;
 141          extern u8 down_control;
 142          //ЯТПиЭЈбЖНгЪежИСюДІРэ
 143          void UART1_cmd_proc(void)
 144          {
 145   1        switch(uart_frame.cmd)
 146   1        {
 147   2        case CMD_STATUS:
 148   2          break;
 149   2        case CMD_SPEED:
 150   2          break;
 151   2      //  case CMD_STATUS_HEART:
 152   2      //    treadmills.param.runstep++;
 153   2      //    break;
 154   2        case CMD_ACK:
 155   2          LED1=!LED1;//жИЪОЕЦЩСЫИ
 156   2          treadmills.ack=1;
 157   2          down_control = uart_frame.buf[0];
 158   2          debug_printf("\r\n --->rply ack");
 159   2          //LED1=1;//ЯЈУ№
 160   2          break;
 161   2        case CMD_RESET:
 162   2        #if(0)
                  debug_printf("\r\n software reset");
                  AUXR1 &=(0X7F);
                  EA=0;
                  TA=0XAA;
                  TA=0X55;
                  CHPCON |=(1<<7);
                  //EA=1;
                #endif
 171   2          break;
 172   2        case CMD_STOP_OVER:
 173   2          if(error_times==0)treadmills.status=STATUS_STOP_OVER;
 174   2          break;
C51 COMPILER V9.60.0.0   UART_FRAME                                                        11/06/2025 09:07:48 PAGE 4   

 175   2        case CMD_ERROR:
 176   2          treadmills.ack=1;
 177   2          if(treadmills.error_code ==0)
 178   2          {
 179   3            treadmills.error_code=uart_frame.buf[0];
 180   3            error_times=0;
 181   3          }
 182   2          treadmills.status=STATUS_ERROR;
 183   2          break;
 184   2        case CMD_WRITE_PARAM:
 185   2          uart_tx_frame.cmd=CMD_WRITE_PARAM;
 186   2          uart_tx_frame.len=2;
 187   2          uart_tx_frame.buf[0]=(u8)param.speed_adc;
 188   2          uart_tx_frame.buf[1]=(~(u8)param.speed_adc);
 189   2          UART_Send_Buf(UART1,(UINT8*)&uart_tx_frame,sizeof(uart_tx_frame));
 190   2          break;
 191   2        case CMD_READ_PARAM:
 192   2          //бщжЄаЃбщ
 193   2          if((uart_frame.buf[0] & uart_frame.buf[1])==0)
 194   2          {
 195   3            param.speed_adc=(s8)uart_frame.buf[0];
 196   3          }
 197   2          else
 198   2          {
 199   3            param.speed_adc=0;
 200   3          }
 201   2          break;
 202   2        case CMD_TEST:
 203   2          beep_set(1,DEFAULT_ON_TICKS,DEFAULT_OFF_TICKS);
 204   2          if(uart_frame.buf[0] ==0)
 205   2          {
 206   3            indecate.led_step=LED_ON;
 207   3            indecate.led_speed=LED_ON;
 208   3            indecate.led_updp=LED_ON;
 209   3            indecate.led_downdp=LED_ON;
 210   3      
 211   3            indecate.led_time=LED_ON;
 212   3            indecate.led_distance=LED_ON;
 213   3            indecate.led_calorie=LED_ON;
 214   3            set_seg_val(1234);
 215   3            set_seg_mode(SEG_MODE_NORMAL);
 216   3          }
 217   2          else if(uart_frame.buf[0] ==1)
 218   2          {
 219   3            indecate.led_step=LED_ON;
 220   3            indecate.led_speed=LED_ON;
 221   3            indecate.led_updp=LED_ON;
 222   3            indecate.led_downdp=LED_ON;
 223   3      
 224   3            indecate.led_time=LED_ON;
 225   3            indecate.led_distance=LED_ON;
 226   3            indecate.led_calorie=LED_ON;
 227   3            set_seg_val(5678);
 228   3            set_seg_mode(SEG_MODE_NORMAL);
 229   3          }
 230   2          else if(uart_frame.buf[0] ==2)
 231   2          {
 232   3            indecate.led_step=LED_ON;
 233   3            indecate.led_speed=LED_ON;
 234   3            indecate.led_updp=LED_ON;
 235   3            indecate.led_downdp=LED_ON;
 236   3      
C51 COMPILER V9.60.0.0   UART_FRAME                                                        11/06/2025 09:07:48 PAGE 5   

 237   3            indecate.led_time=LED_ON;
 238   3            indecate.led_distance=LED_ON;
 239   3            indecate.led_calorie=LED_ON;
 240   3            set_seg_val(8888);
 241   3            set_seg_mode(SEG_MODE_NORMAL);
 242   3          }
 243   2          break;
 244   2        default:
 245   2          break;
 246   2        }
 247   1      }
 248          
 249          //РЖбРФЃПщЗЂЫЭ
 250          void uart0_frame_tx_0(u8 cmd,u8 subcmd)
 251          {
 252   1        u8 xor=0;     //гУгкМЦЫуаЃбщКЭ  вьЛђ
 253   1        uart0_tx_frame.cmd=cmd;
 254   1        uart0_tx_frame.subcmd=subcmd;
 255   1        xor=cmd^subcmd;
 256   1        uart0_tx_frame.buf[0]=xor;    //гУгкДцДЂаЃбщКЭ
 257   1        uart0_tx_frame.buf[1]=0X03;  
 258   1        UART_Send_Buf(UART0,(u8*)&uart0_tx_frame,5);  //ЕїгУUART_Send_BufКЏЪ§ЃЌНЋuart_tx_frameНсЙЙЬхЕФЕижЗзїЮЊВЮЪ
             -§ЃЌвдМА uart_tx_frame ЕФГЄЖШМгЩЯ 4ЃЈАќРЈЦ№ЪМжЁЁЂУќСюЁЂГЄЖШЁЂЪ§ОнЁЂаЃбщКЭЃЉзїЮЊВЮЪ§ЃЌЗЂЫЭ UART Ъ§Он
 259   1      }
 260          
 261          
 262          void uart0_frame_tx_1(u8 cmd,u8 subcmd,u8 dat)
 263          {
 264   1        u8 xor=0;     //гУгкМЦЫуаЃбщКЭ  вьЛђ
 265   1        uart0_tx_frame.cmd=cmd;
 266   1        uart0_tx_frame.subcmd=subcmd;
 267   1        xor=cmd^subcmd;
 268   1        uart0_tx_frame.buf[0]=dat;
 269   1        xor^=dat;
 270   1        uart0_tx_frame.buf[1]=xor;    //гУгкДцДЂаЃбщКЭ
 271   1        uart0_tx_frame.buf[2]=0X03;  
 272   1        UART_Send_Buf(UART0,(u8*)&uart0_tx_frame,6);  //ЕїгУUART_Send_BufКЏЪ§ЃЌНЋuart_tx_frameНсЙЙЬхЕФЕижЗзїЮЊВЮЪ
             -§ЃЌвдМА uart_tx_frame ЕФГЄЖШМгЩЯ 4ЃЈАќРЈЦ№ЪМжЁЁЂУќСюЁЂГЄЖШЁЂЪ§ОнЁЂаЃбщКЭЃЉзїЮЊВЮЪ§ЃЌЗЂЫЭ UART Ъ§Он
 273   1      }
 274          
 275          
 276          void uart0_frame_tx_2(u8 cmd,u8 subcmd,u8 dat0,u8 dat1)
 277          {
 278   1        u8 xor=0;     //гУгкМЦЫуаЃбщКЭ  вьЛђ
 279   1        uart0_tx_frame.cmd=cmd;
 280   1        uart0_tx_frame.subcmd=subcmd;
 281   1        xor=cmd^subcmd;
 282   1        uart0_tx_frame.buf[0]=dat0;
 283   1        xor^=dat0;
 284   1        uart0_tx_frame.buf[1]=dat1;
 285   1        xor^=dat1;
 286   1        uart0_tx_frame.buf[2]=xor;    //гУгкДцДЂаЃбщКЭ
 287   1        uart0_tx_frame.buf[3]=0X03;   
 288   1        UART_Send_Buf(UART0,(u8*)&uart0_tx_frame,7);
 289   1      }
 290          
 291          
 292          void uart0_frame_tx_3(u8 cmd,u8 subcmd,u8 dat0,u8 dat1,u8 dat2)
 293          {
 294   1        u8 xor=0;     //гУгкМЦЫуаЃбщКЭ  вьЛђ
 295   1        uart0_tx_frame.cmd=cmd;
 296   1        uart0_tx_frame.subcmd=subcmd;
C51 COMPILER V9.60.0.0   UART_FRAME                                                        11/06/2025 09:07:48 PAGE 6   

 297   1        xor=cmd^subcmd;
 298   1        uart0_tx_frame.buf[0]=dat0;
 299   1        xor^=dat0;
 300   1        uart0_tx_frame.buf[1]=dat1;
 301   1        xor^=dat1;
 302   1        uart0_tx_frame.buf[2]=dat2;
 303   1        xor^=dat2;
 304   1        uart0_tx_frame.buf[3]=xor;    //гУгкДцДЂаЃбщКЭ
 305   1        uart0_tx_frame.buf[4]=0X03;     
 306   1        UART_Send_Buf(UART0,(u8*)&uart0_tx_frame,8);
 307   1      }
 308          
 309          
 310          void uart0_frame_tx_4(u8 cmd,u8 subcmd,u8 dat0,u8 dat1,u8 dat2,u8 dat3)
 311          {
 312   1        u8 xor=0;     //гУгкМЦЫуаЃбщКЭ  вьЛђ
 313   1        uart0_tx_frame.cmd=cmd;
 314   1        uart0_tx_frame.subcmd=subcmd;
 315   1        xor=cmd^subcmd;
 316   1        uart0_tx_frame.buf[0]=dat0;
 317   1        xor^=dat0;
 318   1        uart0_tx_frame.buf[1]=dat1;
 319   1        xor^=dat1;
 320   1        uart0_tx_frame.buf[2]=dat2;
 321   1        xor^=dat2;
 322   1        uart0_tx_frame.buf[3]=dat3;
 323   1        xor^=dat3;
 324   1        uart0_tx_frame.buf[4]=xor;    //гУгкДцДЂаЃбщКЭ
 325   1        uart0_tx_frame.buf[5]=0X03;    
 326   1        UART_Send_Buf(UART0,(u8*)&uart0_tx_frame,9);
 327   1      }
 328          
 329          
 330          void uart0_frame_tx_12(u8 cmd,u8 subcmd,u8 dat0,u8 dat1,u8 dat2,u8 dat3,u8 dat4,u8 dat5,u8 dat6,u8 dat7,u8
             - dat8,u8 dat9,u8 dat10,u8 dat11)
 331          {
 332   1        u8 xor=0;     //гУгкМЦЫуаЃбщКЭ  вьЛђ
 333   1        uart0_tx_frame.cmd=cmd;
 334   1        uart0_tx_frame.subcmd=subcmd;
 335   1        xor=cmd^subcmd;
 336   1        uart0_tx_frame.buf[0]=dat0;
 337   1        xor^=dat0;
 338   1        uart0_tx_frame.buf[1]=dat1;
 339   1        xor^=dat1;
 340   1        uart0_tx_frame.buf[2]=dat2;
 341   1        xor^=dat2;
 342   1        uart0_tx_frame.buf[3]=dat3;
 343   1        xor^=dat3;
 344   1        uart0_tx_frame.buf[4]=dat4;
 345   1        xor^=dat4;
 346   1        uart0_tx_frame.buf[5]=dat5;
 347   1        xor^=dat5;  
 348   1        uart0_tx_frame.buf[6]=dat6;
 349   1        xor^=dat6;
 350   1        uart0_tx_frame.buf[7]=dat7;
 351   1        xor^=dat7;
 352   1        uart0_tx_frame.buf[8]=dat8;
 353   1        xor^=dat8;
 354   1        uart0_tx_frame.buf[9]=dat9;
 355   1        xor^=dat9;
 356   1        uart0_tx_frame.buf[10]=dat10;
 357   1        xor^=dat10;
C51 COMPILER V9.60.0.0   UART_FRAME                                                        11/06/2025 09:07:48 PAGE 7   

 358   1        uart0_tx_frame.buf[11]=dat11;
 359   1        xor^=dat11;  
 360   1        uart0_tx_frame.buf[12]=xor;    //гУгкДцДЂаЃбщКЭ
 361   1        uart0_tx_frame.buf[13]=0X03;   
 362   1        UART_Send_Buf(UART0,(u8*)&uart0_tx_frame,17);
 363   1      }
 364          
 365          //РЖбРФЃзщНгЪежИСюДІРэ
 366          void uart0_frame_loop(void)  //ДгНгЪеЖгСажаЛёШЁ UART Ъ§Он
 367          {
 368   1         static u8 sm=0,len=0;    // ОВЬЌБфСПгУгкБЃДцзДЬЌКЭГЄЖШаХЯЂ
 369   1         static u8 *ptr;          // жИЯђЪ§ОнЛКГхЧјЕФжИеы
 370   1         u8 datt;                 // гУгкБЃДцДгЖгСажаЖСШЁЕФЪ§Он
 371   1         u8 rett;                 // гУгкБЃДцЖгСаЖСШЁВйзїЕФЗЕЛижЕ
 372   1      
 373   1         rett=Denter_queue(&UART0_rx_queue,&datt);   // ДгUART0_rx_queueЖгСажаЖСШЁЪ§Он
 374   1         if(rett)    // ШчЙћГЩЙІЖСШЁЕНЪ§Он
 375   1         {
 376   2           switch(sm)
 377   2           {
 378   3           case 1:   // зДЬЌ1ЃЌНгЪеУќСюзжНк
 379   3             uart0_frame.cmd=datt;   // БЃДцУќСюзжНк    
 380   3             sm=2;
 381   3             break;
 382   3           case 2:   // зДЬЌ2ЃЌНгЪезгУќСюзжНк
 383   3             uart0_frame.subcmd=datt;   // БЃДцзгУќСюзжНк
 384   3             len=0;    // ЧхСуЪ§ОнГЄЖШМЦЪ§Цї
 385   3             ptr=&uart0_frame.buf[0];    // жИЯђЪ§ОнЛКГхЧјЕФЦ№ЪМЮЛжУ
 386   3             sm=3;
 387   3             break;
 388   3           case 3:   // зДЬЌ3ЃЌНгЪеЪ§ОнзжНк
 389   3             if(datt==0x03)
 390   3             {
 391   4               UART0_cmd_proc();
 392   4               sm=0;
 393   4             } 
 394   3             ptr[len]=datt;       
 395   3             len++;
 396   3             break;
 397   3           default:
 398   3             if(datt==0X02){sm=1;}   // ШчЙћЖСШЁЕНЕФЪ§ОнЪЧЦ№ЪМзжНк,ЧаЛЛЕНзДЬЌ1
 399   3             break;
 400   3           }
 401   2         }
 402   1      }
 403          
 404          
 405          // РЖбРФЃзщНгЪежИСюДІРэ
 406          void UART0_cmd_proc(void)
 407          {   
 408   1          uint8_t speed = treadmills.param.speed / 10;// ЬсШЁГЃгУБфСП
 409   1          uint16_t seconds = treadmills.param.second;
 410   1          uint32_t distance = (uint32_t)treadmills.param.distance;
 411   1          uint16_t calorie = treadmills.param.calorie / 100;
 412   1          switch (uart0_frame.cmd)
 413   1          {
 414   2          case 0x50: // ЛёШЁЩшБИаХЯЂ
 415   2              switch (uart0_frame.subcmd)
 416   2              {
 417   3              case 0x00:
 418   3                  uart0_frame_tx_4(0x50, 0x00, 0xE1, 0x00, 0x03, 0x00);//0xE1, 0x01
 419   3                  break;
C51 COMPILER V9.60.0.0   UART_FRAME                                                        11/06/2025 09:07:48 PAGE 8   

 420   3              case 0x02:
 421   3                  uart0_frame_tx_2(0x50, 0x02, 0x64, 0x0A);//10.0km,1.0
 422   3                  break;
 423   3              case 0x03:       
 424   3                  uart0_frame_tx_3(0x50, 0x03, 0x00, 0x00, 0x02);    
 425   3                  break;
 426   3              default:
 427   3                  break;
 428   3              }
 429   2              break;
 430   2      
 431   2          case 0x51: // ЛёШЁЩшБИзДЬЌ
 432   2              switch (treadmills.status)
 433   2              {
 434   3              case STATUS_WAIT:
 435   3                  uart0_frame_tx_0(0x51, 0x00);
 436   3                  break;
 437   3              case STATUS_RUN:
 438   3                  uart0_frame_tx_1(0x51, 0x02, 0x03);
 439   3                  break;
 440   3              case STATUS_STOP_OVER:
 441   3              case STATUS_RUNNING:
 442   3              case STATUS_STOP_WAIT:
 443   3              case STATUS_PAUSE:
 444   3                  uart0_frame_tx_12(0x51,
 445   3                                    treadmills.status == STATUS_STOP_OVER ? 0x01 :
 446   3                                    treadmills.status == STATUS_RUNNING   ? 0x03 :
 447   3                                    treadmills.status == STATUS_STOP_WAIT ? 0x04 : 0x0A,
 448   3                                    speed, 0x00, seconds & 0xFF, (seconds >> 8) & 0xFF,
 449   3                                    distance & 0xFF, (distance >> 8) & 0xFF,
 450   3                                    calorie & 0xFF, (calorie >> 8) & 0xFF,
 451   3                                    0x00, 0x00, 0x00, 0x00);
 452   3                  break;
 453   3              case STATUS_ERROR:
 454   3                  uart0_frame_tx_1(0x51, 0x05, 0x00);
 455   3                  break;
 456   3              default:
 457   3                  break;
 458   3              }
 459   2              break;
 460   2      
 461   2          case 0x53: // ЩшБИПижЦ
 462   2              switch (uart0_frame.subcmd)
 463   2              {
 464   3              case 0x01: // ЦєЖЏ/ЛжИД
 465   3                  if ((treadmills.status == STATUS_WAIT || treadmills.status == STATUS_PAUSE) && !treadmills.err
             -or_code)
 466   3                  {
 467   4                      uart0_frame_tx_1(0x53, 0x01, 0x03);
 468   4                      treadmills.status = STATUS_RUN;
 469   4                      key_mask = 0xFF;
 470   4                      beep_set(1, DEFAULT_ON_TICKS, DEFAULT_OFF_TICKS);
 471   4                  }
 472   3                  else
 473   3                  {
 474   4                      beep_set(2, DEFAULT_ON_TICKS, DEFAULT_OFF_TICKS);
 475   4                  }
 476   3                  break;
 477   3              case 0x02: // ЩшжУЫйЖШКЭЦТЖШ
 478   3                  if (treadmills.status == STATUS_RUNNING)
 479   3                  {
 480   4                      treadmills.param.speed = uart0_frame.buf[0] * 10;
C51 COMPILER V9.60.0.0   UART_FRAME                                                        11/06/2025 09:07:48 PAGE 9   

 481   4                      uart1_frame_tx(CMD_SPEED, treadmills.param.speed / 10);
 482   4                      treadmills.display.index = 0;
 483   4                      treadmills.display.mode = DISP_MODE_SINGLE;
 484   4                      uart0_frame_tx_2(0x53, 0x02, treadmills.param.speed / 10, 0x00);
 485   4                      beep_set(1, DEFAULT_ON_TICKS, DEFAULT_OFF_TICKS);
 486   4                  }
 487   3                  break;
 488   3              case 0x03: // ЭЃжЙ
 489   3                  if (treadmills.status == STATUS_RUNNING || treadmills.status == STATUS_PAUSE)
 490   3                  {
 491   4                      PAUSE_FLAG = 0;
 492   4                      uart0_frame_tx_0(0x53, 0x03);
 493   4                      treadmills.status = STATUS_STOP;
 494   4                      key_mask = 0x00;
 495   4                      beep_set(1, DEFAULT_ON_TICKS, DEFAULT_OFF_TICKS);
 496   4                  }
 497   3                  break;
 498   3              case 0x0A: // днЭЃ
 499   3                  if (treadmills.status == STATUS_RUNNING)
 500   3                  {
 501   4                      PAUSE_FLAG = 1;
 502   4                      uart0_frame_tx_0(0x53, 0x0A);
 503   4                      treadmills.status = STATUS_STOP;
 504   4                      key_mask = 0x00;
 505   4                      beep_set(1, DEFAULT_ON_TICKS, DEFAULT_OFF_TICKS);
 506   4                  }
 507   3                  break;
 508   3              default:
 509   3                  break;
 510   3              }
 511   2              break;
 512   2      
 513   2          default:
 514   2              break;
 515   2          }
 516   1      }
 517          


MODULE INFORMATION:   STATIC OVERLAYABLE
   CODE SIZE        =   2104    ----
   CONSTANT SIZE    =   ----    ----
   XDATA SIZE       =    404      40
   PDATA SIZE       =   ----    ----
   DATA SIZE        =   ----    ----
   IDATA SIZE       =   ----    ----
   BIT SIZE         =   ----    ----
END OF MODULE INFORMATION.


C51 COMPILATION COMPLETE.  0 WARNING(S),  0 ERROR(S)
