C51 COMPILER V9.60.0.0   7_SEGMENT                                                         11/17/2025 09:18:56 PAGE 1   


C51 COMPILER V9.60.0.0, COMPILATION OF MODULE 7_SEGMENT
OBJECT MODULE PLACED IN .\Output\7_segment.obj
COMPILER INVOKED BY: D:\Software\Keil_V5\C51\C51\BIN\C51.EXE ..\driver\7_segment.c LARGE OPTIMIZE(7,SPEED) BROWSE INCDIR
                    -(..\Library\Device\Include;..\Library\StdDriver\inc;..\user;..\driver;..\bsp;..\Include;..\common) DEBUG OBJECTEXTEND PR
                    -INT(.\LST\7_segment.lst) TABS(2) OBJECT(.\Output\7_segment.obj)

line level    source

   1          /*
   2           * 7_segment.c
   3           *
   4           *  Created on: 2018쾨8墩1휑
   5           *      Author: Administrator
   6           */
   7          #include  "common.h"
   8          #include "7_segment.h"
   9          
  10           const u8 seg_num[]=
  11          {
  12            //묾綾，멕든틱듐좋
  13              (a|b|c|d|e|f),//0
  14              (b|c),//1
  15              (a|b|g|e|d),//2
  16              (a|b|c|d|g),//3
  17              (f|g|b|c),//4
  18              (a|f|g|c|d),//5
  19              (a|f|e|d|c|g),//6
  20              (a|b|c),//7
  21              (a|b|c|d|e|f|g),//8,all on
  22              (a|f|g|c|d|b),//9
  23              (a|b|c|e|f|g),  //A
  24              (a|b|c|d|e|f|g),//B
  25              (a|d|e|f),      //C 
  26              (a|b|c|d|e|f),  //D
  27              (a|f|g|e|d),    //e
  28              (a|f|g|e),       //f
  29              (b|c|d|e|f)    //u
  30          };
  31          


MODULE INFORMATION:   STATIC OVERLAYABLE
   CODE SIZE        =   ----    ----
   CONSTANT SIZE    =   ----    ----
   XDATA SIZE       =     17    ----
   PDATA SIZE       =   ----    ----
   DATA SIZE        =   ----    ----
   IDATA SIZE       =   ----    ----
   BIT SIZE         =   ----    ----
END OF MODULE INFORMATION.


C51 COMPILATION COMPLETE.  0 WARNING(S),  0 ERROR(S)
