C51 COMPILER V9.60.0.0   LED_DISP                                                          07/25/2025 09:34:17 PAGE 1   


C51 COMPILER V9.60.0.0, COMPILATION OF MODULE LED_DISP
OBJECT MODULE PLACED IN .\Output\led_disp.obj
COMPILER INVOKED BY: D:\Software\Keil_V5\C51\C51\BIN\C51.EXE ..\driver\led_disp.c LARGE OPTIMIZE(7,SPEED) BROWSE INCDIR(
                    -..\Library\Device\Include;..\Library\StdDriver\inc;..\user;..\driver;..\bsp;..\Include;..\common) DEBUG OBJECTEXTEND PRI
                    -NT(.\LST\led_disp.lst) TABS(2) OBJECT(.\Output\led_disp.obj)

line level    source

   1          /*
   2           * led_disp.c
   3           *
   4           *  Created on: 2019Äę11ÔÂ27ČŐ
   5           *      Author: Administrator
   6           */
   7          #include "led_disp.h"
   8          #include "7_segment.h"
   9          #include "indecate.h"
  10          #include "treadmills.h"
  11          static u8 *ptrseg;
  12          
  13          static u8 buf[2][4];
  14          static u8 _mode=0;
  15          static u8 cnt=0,flash_cnt=0;
  16          
  17          
  18          void led_display_init(void)
  19          {
  20   1        ptrseg=(u8*)&indecate.seg[0];
  21   1        set_seg_mode(SEG_MODE_NORMAL);
  22   1      }
  23          
  24          
  25          void set_bit_seg(u8 index, u8 dat)
  26          {
  27   1        ptrseg[index]=dat;
  28   1        indecate_update_flag=1;
  29   1      }
  30          
  31          
  32          void set_seg_val(u16 val)
  33          {
  34   1        u8 dat=(val/1000);
  35   1        if(dat==0){dat=SEG_ALL_OFF;}
  36   1        ptrseg[0]=seg_num[dat];
  37   1        ptrseg[1]=seg_num[(val%1000)/100];
  38   1        ptrseg[2]=seg_num[(val%100)/10];
  39   1        ptrseg[3]=seg_num[val%10];
  40   1      
  41   1        indecate_update_flag=1;
  42   1      }
  43          
  44          
  45          void set_seg_two(u8 hi2,u8 lo2)
  46          {
  47   1        u8 dat=(hi2/10);
  48   1        if(dat==0){dat=SEG_ALL_OFF;}
  49   1        ptrseg[0]=seg_num[dat];
  50   1        ptrseg[1]=seg_num[(hi2%10)];
  51   1      
  52   1        ptrseg[2]=seg_num[(lo2/10)];
  53   1        ptrseg[3]=seg_num[lo2%10];
C51 COMPILER V9.60.0.0   LED_DISP                                                          07/25/2025 09:34:17 PAGE 2   

  54   1      
  55   1        indecate_update_flag=1;
  56   1      }
  57          
  58          
  59          void set_seg_two_sc(u8 hi2,u8 lo2)
  60          {
  61   1          u8 dat=(hi2/10);
  62   1        if(dat==0){dat=SEG_ALL_OFF;}
  63   1        ptrseg[0]=seg_num[dat];
  64   1        ptrseg[1]=seg_num[(hi2/10)];
  65   1      
  66   1        ptrseg[2]=seg_num[(hi2%10)];
  67   1        ptrseg[3]=seg_num[lo2/10];
  68   1      
  69   1        indecate_update_flag=1;
  70   1      }
  71          
  72          
  73          void set_seg_mode(u8 mode)
  74          {
  75   1        _mode=mode;
  76   1        cnt=0;
  77   1        indecate_update_flag=1;
  78   1      }
  79          
  80          
  81          void set_seg_flash_cnt(u8 cnt)
  82          {
  83   1        flash_cnt=cnt-1;
  84   1        indecate_update_flag=1;
  85   1      }
  86          
  87          
  88          void seg_disp_proc(void)
  89          {
  90   1        switch(_mode)
  91   1        {
  92   2        case SEG_MODE_NORMAL:
  93   2          break;
  94   2        case SEG_MODE_FLASH_SELF:
  95   2          if(cnt==0)
  96   2          {
  97   3            buf[0][0]=ptrseg[0];
  98   3            buf[0][1]=ptrseg[1];
  99   3            buf[0][2]=ptrseg[2];
 100   3            buf[0][3]=ptrseg[3];
 101   3          }
 102   2          else if(cnt==SEG_FLASH_FREQ)
 103   2          {
 104   3            ptrseg[0]=0x00;
 105   3            ptrseg[1]=0x00;
 106   3            ptrseg[2]=0x00;
 107   3            ptrseg[3]=0x00;
 108   3            indecate_update_flag=1;
 109   3          }
 110   2          else if(cnt==(SEG_FLASH_FREQ<<1))
 111   2          {
 112   3            ptrseg[0]=buf[0][0];
 113   3            ptrseg[1]=buf[0][1];
 114   3            ptrseg[2]=buf[0][2];
 115   3            ptrseg[3]=buf[0][3];
C51 COMPILER V9.60.0.0   LED_DISP                                                          07/25/2025 09:34:17 PAGE 3   

 116   3            cnt=0xff;
 117   3            indecate_update_flag=1;
 118   3            //if(flash_cnt){flash_cnt--;}
 119   3            //else{_mode=SEG_MODE_NORMAL;break;}
 120   3          }
 121   2          cnt++;
 122   2          break;
 123   2        case SEG_MODE_FLASH_TOGGLE:
 124   2          if(cnt==0)
 125   2          {
 126   3            ptrseg[0]=buf[0][0];
 127   3            ptrseg[1]=buf[0][1];
 128   3            ptrseg[2]=buf[0][2];
 129   3            ptrseg[3]=buf[0][3];
 130   3          }
 131   2          else if(cnt==SEG_FLASH_FREQ)
 132   2          {
 133   3            ptrseg[0]=buf[1][0];
 134   3            ptrseg[1]=buf[1][1];
 135   3            ptrseg[2]=buf[1][2];
 136   3            ptrseg[3]=buf[1][3];
 137   3            indecate_update_flag=1;
 138   3          }
 139   2          else if(cnt==(SEG_FLASH_FREQ<<1))
 140   2          {
 141   3            ptrseg[0]=buf[0][0];
 142   3            ptrseg[1]=buf[0][1];
 143   3            ptrseg[2]=buf[0][2];
 144   3            ptrseg[3]=buf[0][3];
 145   3            indecate_update_flag=1;
 146   3            cnt=0;
 147   3          }
 148   2          cnt++;
 149   2          break;
 150   2        default:
 151   2          break;
 152   2        }
 153   1      }


MODULE INFORMATION:   STATIC OVERLAYABLE
   CODE SIZE        =   1018    ----
   CONSTANT SIZE    =   ----    ----
   XDATA SIZE       =     14       4
   PDATA SIZE       =   ----    ----
   DATA SIZE        =   ----    ----
   IDATA SIZE       =   ----    ----
   BIT SIZE         =   ----    ----
END OF MODULE INFORMATION.


C51 COMPILATION COMPLETE.  0 WARNING(S),  0 ERROR(S)
