C51 COMPILER V9.60.0.0   TIMER01_M1                                                        07/25/2025 09:34:20 PAGE 1   


C51 COMPILER V9.60.0.0, COMPILATION OF MODULE TIMER01_M1
OBJECT MODULE PLACED IN .\Output\Timer01_M1.obj
COMPILER INVOKED BY: D:\Software\Keil_V5\C51\C51\BIN\C51.EXE ..\bsp\Timer01_M1.c LARGE OPTIMIZE(7,SPEED) BROWSE INCDIR(.
                    -.\Library\Device\Include;..\Library\StdDriver\inc;..\user;..\driver;..\bsp;..\Include;..\common) DEBUG OBJECTEXTEND PRIN
                    -T(.\LST\Timer01_M1.lst) TABS(2) OBJECT(.\Output\Timer01_M1.obj)

line level    source

   1          /*--------------------------------------------------------------------------------------------------------
             --*/
   2          /*                                                                                                        
             - */
   3          /* Copyright(c) 2017 Nuvoton Technology Corp. All rights reserved.                                        
             - */
   4          /*                                                                                                        
             - */
   5          /*--------------------------------------------------------------------------------------------------------
             --*/
   6          
   7          //********************************************************************************************************
             -***
   8          //  Nuvoton Technoledge Corp. 
   9          //  Website: http://www.nuvoton.com
  10          //  E-Mail : MicroC-8bit@nuvoton.com
  11          //  Date   : Apr/21/2017
  12          //********************************************************************************************************
             -***
  13          
  14          //********************************************************************************************************
             -***
  15          //  File Function: N76E003 Timer0/1 Mode1 demo code
  16          //********************************************************************************************************
             -***
  17          
  18          #include "N76E003.h"
  19          #include "Common.h"
  20          #include "Delay.h"
  21          #include "SFR_Macro.h"
  22          #include "Function_define.h"
  23          
  24          
  25          void Timer0_Init(void)               //定时器0初始化
  26          {
  27   1        TIMER0_MODE1_ENABLE;               //定时器0  模式1
  28   1        clr_T0M;                           //选择12分频
  29   1        TH0 = (65536-76)/256;              //60us初值高八位        (65536-1334) 960us
  30   1        TL0 = (65536-76)%256;              //60us初值第八位
  31   1        set_PT0H;                          //优先级
  32   1        clr_PT0;
  33   1        
  34   1        set_ET0;                           //开启定时器0中断
  35   1        set_TR0;                           //定时器0启动
  36   1      }
  37          
  38          
  39          
  40          
  41          


MODULE INFORMATION:   STATIC OVERLAYABLE
C51 COMPILER V9.60.0.0   TIMER01_M1                                                        07/25/2025 09:34:20 PAGE 2   

   CODE SIZE        =     25    ----
   CONSTANT SIZE    =   ----    ----
   XDATA SIZE       =   ----    ----
   PDATA SIZE       =   ----    ----
   DATA SIZE        =   ----    ----
   IDATA SIZE       =   ----    ----
   BIT SIZE         =   ----    ----
END OF MODULE INFORMATION.


C51 COMPILATION COMPLETE.  0 WARNING(S),  0 ERROR(S)
